[0.061s] Invoking command in '/home/andy/turtlebot3_ws/build/turtlebot3_autorace': AMENT_PREFIX_PATH=/home/andy/turtlebot3_ws/install/turtlebot3_autorace_mission:/home/andy/turtlebot3_ws/install/turtlebot3_autorace_detect:/home/andy/turtlebot3_ws/install/turtlebot3_autorace_camera:${AMENT_PREFIX_PATH} CMAKE_PREFIX_PATH=${CMAKE_PREFIX_PATH}:/home/andy/turtlebot3_ws/install/turtlebot3_teleop:/home/andy/turtlebot3_ws/install/turtlebot3_example:/opt/ros/humble PYTHONPATH=/home/andy/turtlebot3_ws/build/turtlebot3_autorace_mission:/home/andy/turtlebot3_ws/install/turtlebot3_autorace_mission/lib/python3.10/site-packages:/home/andy/turtlebot3_ws/build/turtlebot3_autorace_detect:/home/andy/turtlebot3_ws/install/turtlebot3_autorace_detect/lib/python3.10/site-packages:/home/andy/turtlebot3_ws/build/turtlebot3_autorace_camera:/home/andy/turtlebot3_ws/install/turtlebot3_autorace_camera/lib/python3.10/site-packages:${PYTHONPATH} /usr/bin/cmake /home/andy/turtlebot3_ws/src/turtlebot3_autorace/turtlebot3_autorace -DAMENT_CMAKE_SYMLINK_INSTALL=1 -DCMAKE_INSTALL_PREFIX=/home/andy/turtlebot3_ws/install/turtlebot3_autorace
[0.230s] -- The C compiler identification is GNU 11.4.0
[0.370s] -- The CXX compiler identification is GNU 11.4.0
[0.383s] -- Detecting C compiler ABI info
[0.478s] -- Detecting C compiler ABI info - done
[0.492s] -- Check for working C compiler: /usr/bin/cc - skipped
[0.496s] -- Detecting C compile features
[0.497s] -- Detecting C compile features - done
[0.501s] -- Detecting CXX compiler ABI info
[0.617s] -- Detecting CXX compiler ABI info - done
[0.627s] -- Check for working CXX compiler: /usr/bin/c++ - skipped
[0.628s] -- Detecting CXX compile features
[0.629s] -- Detecting CXX compile features - done
[0.637s] -- Found ament_cmake: 1.3.11 (/opt/ros/humble/share/ament_cmake/cmake)
[0.863s] -- Found Python3: /usr/bin/python3 (found version "3.10.12") found components: Interpreter 
[0.955s] -- Override CMake install command with custom implementation using symlinks instead of copying resources
[1.097s] -- Configuring done
[1.100s] -- Generating done
[1.102s] -- Build files have been written to: /home/andy/turtlebot3_ws/build/turtlebot3_autorace
[1.108s] Invoked command in '/home/andy/turtlebot3_ws/build/turtlebot3_autorace' returned '0': AMENT_PREFIX_PATH=/home/andy/turtlebot3_ws/install/turtlebot3_autorace_mission:/home/andy/turtlebot3_ws/install/turtlebot3_autorace_detect:/home/andy/turtlebot3_ws/install/turtlebot3_autorace_camera:${AMENT_PREFIX_PATH} CMAKE_PREFIX_PATH=${CMAKE_PREFIX_PATH}:/home/andy/turtlebot3_ws/install/turtlebot3_teleop:/home/andy/turtlebot3_ws/install/turtlebot3_example:/opt/ros/humble PYTHONPATH=/home/andy/turtlebot3_ws/build/turtlebot3_autorace_mission:/home/andy/turtlebot3_ws/install/turtlebot3_autorace_mission/lib/python3.10/site-packages:/home/andy/turtlebot3_ws/build/turtlebot3_autorace_detect:/home/andy/turtlebot3_ws/install/turtlebot3_autorace_detect/lib/python3.10/site-packages:/home/andy/turtlebot3_ws/build/turtlebot3_autorace_camera:/home/andy/turtlebot3_ws/install/turtlebot3_autorace_camera/lib/python3.10/site-packages:${PYTHONPATH} /usr/bin/cmake /home/andy/turtlebot3_ws/src/turtlebot3_autorace/turtlebot3_autorace -DAMENT_CMAKE_SYMLINK_INSTALL=1 -DCMAKE_INSTALL_PREFIX=/home/andy/turtlebot3_ws/install/turtlebot3_autorace
[1.111s] Invoking command in '/home/andy/turtlebot3_ws/build/turtlebot3_autorace': AMENT_PREFIX_PATH=/home/andy/turtlebot3_ws/install/turtlebot3_autorace_mission:/home/andy/turtlebot3_ws/install/turtlebot3_autorace_detect:/home/andy/turtlebot3_ws/install/turtlebot3_autorace_camera:${AMENT_PREFIX_PATH} CMAKE_PREFIX_PATH=${CMAKE_PREFIX_PATH}:/home/andy/turtlebot3_ws/install/turtlebot3_teleop:/home/andy/turtlebot3_ws/install/turtlebot3_example:/opt/ros/humble PYTHONPATH=/home/andy/turtlebot3_ws/build/turtlebot3_autorace_mission:/home/andy/turtlebot3_ws/install/turtlebot3_autorace_mission/lib/python3.10/site-packages:/home/andy/turtlebot3_ws/build/turtlebot3_autorace_detect:/home/andy/turtlebot3_ws/install/turtlebot3_autorace_detect/lib/python3.10/site-packages:/home/andy/turtlebot3_ws/build/turtlebot3_autorace_camera:/home/andy/turtlebot3_ws/install/turtlebot3_autorace_camera/lib/python3.10/site-packages:${PYTHONPATH} /usr/bin/cmake --build /home/andy/turtlebot3_ws/build/turtlebot3_autorace -- -j8 -l8
[1.158s] Invoked command in '/home/andy/turtlebot3_ws/build/turtlebot3_autorace' returned '0': AMENT_PREFIX_PATH=/home/andy/turtlebot3_ws/install/turtlebot3_autorace_mission:/home/andy/turtlebot3_ws/install/turtlebot3_autorace_detect:/home/andy/turtlebot3_ws/install/turtlebot3_autorace_camera:${AMENT_PREFIX_PATH} CMAKE_PREFIX_PATH=${CMAKE_PREFIX_PATH}:/home/andy/turtlebot3_ws/install/turtlebot3_teleop:/home/andy/turtlebot3_ws/install/turtlebot3_example:/opt/ros/humble PYTHONPATH=/home/andy/turtlebot3_ws/build/turtlebot3_autorace_mission:/home/andy/turtlebot3_ws/install/turtlebot3_autorace_mission/lib/python3.10/site-packages:/home/andy/turtlebot3_ws/build/turtlebot3_autorace_detect:/home/andy/turtlebot3_ws/install/turtlebot3_autorace_detect/lib/python3.10/site-packages:/home/andy/turtlebot3_ws/build/turtlebot3_autorace_camera:/home/andy/turtlebot3_ws/install/turtlebot3_autorace_camera/lib/python3.10/site-packages:${PYTHONPATH} /usr/bin/cmake --build /home/andy/turtlebot3_ws/build/turtlebot3_autorace -- -j8 -l8
[1.160s] Invoking command in '/home/andy/turtlebot3_ws/build/turtlebot3_autorace': AMENT_PREFIX_PATH=/home/andy/turtlebot3_ws/install/turtlebot3_autorace_mission:/home/andy/turtlebot3_ws/install/turtlebot3_autorace_detect:/home/andy/turtlebot3_ws/install/turtlebot3_autorace_camera:${AMENT_PREFIX_PATH} CMAKE_PREFIX_PATH=${CMAKE_PREFIX_PATH}:/home/andy/turtlebot3_ws/install/turtlebot3_teleop:/home/andy/turtlebot3_ws/install/turtlebot3_example:/opt/ros/humble PYTHONPATH=/home/andy/turtlebot3_ws/build/turtlebot3_autorace_mission:/home/andy/turtlebot3_ws/install/turtlebot3_autorace_mission/lib/python3.10/site-packages:/home/andy/turtlebot3_ws/build/turtlebot3_autorace_detect:/home/andy/turtlebot3_ws/install/turtlebot3_autorace_detect/lib/python3.10/site-packages:/home/andy/turtlebot3_ws/build/turtlebot3_autorace_camera:/home/andy/turtlebot3_ws/install/turtlebot3_autorace_camera/lib/python3.10/site-packages:${PYTHONPATH} /usr/bin/cmake --install /home/andy/turtlebot3_ws/build/turtlebot3_autorace
[1.169s] -- Install configuration: ""
[1.170s] -- Execute custom install script
[1.170s] -- Symlinking: /home/andy/turtlebot3_ws/install/turtlebot3_autorace/share/ament_index/resource_index/package_run_dependencies/turtlebot3_autorace
[1.182s] -- Symlinking: /home/andy/turtlebot3_ws/install/turtlebot3_autorace/share/ament_index/resource_index/parent_prefix_path/turtlebot3_autorace
[1.194s] -- Symlinking: /home/andy/turtlebot3_ws/install/turtlebot3_autorace/share/turtlebot3_autorace/environment/ament_prefix_path.sh
[1.206s] -- Symlinking: /home/andy/turtlebot3_ws/install/turtlebot3_autorace/share/turtlebot3_autorace/environment/ament_prefix_path.dsv
[1.220s] -- Symlinking: /home/andy/turtlebot3_ws/install/turtlebot3_autorace/share/turtlebot3_autorace/environment/path.sh
[1.231s] -- Symlinking: /home/andy/turtlebot3_ws/install/turtlebot3_autorace/share/turtlebot3_autorace/environment/path.dsv
[1.242s] -- Symlinking: /home/andy/turtlebot3_ws/install/turtlebot3_autorace/share/turtlebot3_autorace/local_setup.bash
[1.253s] -- Symlinking: /home/andy/turtlebot3_ws/install/turtlebot3_autorace/share/turtlebot3_autorace/local_setup.sh
[1.263s] -- Symlinking: /home/andy/turtlebot3_ws/install/turtlebot3_autorace/share/turtlebot3_autorace/local_setup.zsh
[1.274s] -- Symlinking: /home/andy/turtlebot3_ws/install/turtlebot3_autorace/share/turtlebot3_autorace/local_setup.dsv
[1.285s] -- Symlinking: /home/andy/turtlebot3_ws/install/turtlebot3_autorace/share/turtlebot3_autorace/package.dsv
[1.298s] -- Symlinking: /home/andy/turtlebot3_ws/install/turtlebot3_autorace/share/ament_index/resource_index/packages/turtlebot3_autorace
[1.310s] -- Symlinking: /home/andy/turtlebot3_ws/install/turtlebot3_autorace/share/turtlebot3_autorace/cmake/turtlebot3_autoraceConfig.cmake
[1.322s] -- Symlinking: /home/andy/turtlebot3_ws/install/turtlebot3_autorace/share/turtlebot3_autorace/cmake/turtlebot3_autoraceConfig-version.cmake
[1.331s] -- Symlinking: /home/andy/turtlebot3_ws/install/turtlebot3_autorace/share/turtlebot3_autorace/package.xml
[1.345s] Invoked command in '/home/andy/turtlebot3_ws/build/turtlebot3_autorace' returned '0': AMENT_PREFIX_PATH=/home/andy/turtlebot3_ws/install/turtlebot3_autorace_mission:/home/andy/turtlebot3_ws/install/turtlebot3_autorace_detect:/home/andy/turtlebot3_ws/install/turtlebot3_autorace_camera:${AMENT_PREFIX_PATH} CMAKE_PREFIX_PATH=${CMAKE_PREFIX_PATH}:/home/andy/turtlebot3_ws/install/turtlebot3_teleop:/home/andy/turtlebot3_ws/install/turtlebot3_example:/opt/ros/humble PYTHONPATH=/home/andy/turtlebot3_ws/build/turtlebot3_autorace_mission:/home/andy/turtlebot3_ws/install/turtlebot3_autorace_mission/lib/python3.10/site-packages:/home/andy/turtlebot3_ws/build/turtlebot3_autorace_detect:/home/andy/turtlebot3_ws/install/turtlebot3_autorace_detect/lib/python3.10/site-packages:/home/andy/turtlebot3_ws/build/turtlebot3_autorace_camera:/home/andy/turtlebot3_ws/install/turtlebot3_autorace_camera/lib/python3.10/site-packages:${PYTHONPATH} /usr/bin/cmake --install /home/andy/turtlebot3_ws/build/turtlebot3_autorace
