[0.165s] Invoking command in '/home/andy/turtlebot3_ws/build/dynamixel_sdk': CMAKE_PREFIX_PATH=${CMAKE_PREFIX_PATH}:/opt/ros/humble /usr/bin/cmake --build /home/andy/turtlebot3_ws/build/dynamixel_sdk -- -j8 -l8
[0.548s] [100%] Built target dynamixel_sdk
[0.681s] [100%] Built target ament_cmake_python_symlink_dynamixel_sdk
[3.019s] running egg_info
[3.021s] writing dynamixel_sdk.egg-info/PKG-INFO
[3.023s] writing dependency_links to dynamixel_sdk.egg-info/dependency_links.txt
[3.027s] writing top-level names to dynamixel_sdk.egg-info/top_level.txt
[3.042s] reading manifest file 'dynamixel_sdk.egg-info/SOURCES.txt'
[3.048s] writing manifest file 'dynamixel_sdk.egg-info/SOURCES.txt'
[3.259s] [100%] Built target ament_cmake_python_build_dynamixel_sdk_egg
[3.672s] Invoked command in '/home/andy/turtlebot3_ws/build/dynamixel_sdk' returned '0': CMAKE_PREFIX_PATH=${CMAKE_PREFIX_PATH}:/opt/ros/humble /usr/bin/cmake --build /home/andy/turtlebot3_ws/build/dynamixel_sdk -- -j8 -l8
[3.675s] Invoking command in '/home/andy/turtlebot3_ws/build/dynamixel_sdk': CMAKE_PREFIX_PATH=${CMAKE_PREFIX_PATH}:/opt/ros/humble /usr/bin/cmake --install /home/andy/turtlebot3_ws/build/dynamixel_sdk
[3.842s] -- Install configuration: ""
[3.846s] -- Execute custom install script
[3.863s] -- Up-to-date symlink: /home/andy/turtlebot3_ws/install/dynamixel_sdk/include//dynamixel_sdk/dynamixel_sdk.h
[3.864s] -- Up-to-date symlink: /home/andy/turtlebot3_ws/install/dynamixel_sdk/include//dynamixel_sdk/group_bulk_read.h
[3.866s] -- Up-to-date symlink: /home/andy/turtlebot3_ws/install/dynamixel_sdk/include//dynamixel_sdk/group_bulk_write.h
[3.866s] -- Up-to-date symlink: /home/andy/turtlebot3_ws/install/dynamixel_sdk/include//dynamixel_sdk/group_fast_bulk_read.h
[3.866s] -- Up-to-date symlink: /home/andy/turtlebot3_ws/install/dynamixel_sdk/include//dynamixel_sdk/group_fast_sync_read.h
[3.868s] -- Up-to-date symlink: /home/andy/turtlebot3_ws/install/dynamixel_sdk/include//dynamixel_sdk/group_handler.h
[3.871s] -- Up-to-date symlink: /home/andy/turtlebot3_ws/install/dynamixel_sdk/include//dynamixel_sdk/group_sync_read.h
[3.888s] -- Up-to-date symlink: /home/andy/turtlebot3_ws/install/dynamixel_sdk/include//dynamixel_sdk/group_sync_write.h
[3.891s] -- Up-to-date symlink: /home/andy/turtlebot3_ws/install/dynamixel_sdk/include//dynamixel_sdk/packet_handler.h
[3.893s] -- Up-to-date symlink: /home/andy/turtlebot3_ws/install/dynamixel_sdk/include//dynamixel_sdk/port_handler.h
[3.895s] -- Up-to-date symlink: /home/andy/turtlebot3_ws/install/dynamixel_sdk/include//dynamixel_sdk/port_handler_arduino.h
[3.895s] -- Up-to-date symlink: /home/andy/turtlebot3_ws/install/dynamixel_sdk/include//dynamixel_sdk/port_handler_linux.h
[3.895s] -- Up-to-date symlink: /home/andy/turtlebot3_ws/install/dynamixel_sdk/include//dynamixel_sdk/port_handler_mac.h
[3.895s] -- Up-to-date symlink: /home/andy/turtlebot3_ws/install/dynamixel_sdk/include//dynamixel_sdk/port_handler_windows.h
[3.896s] -- Up-to-date symlink: /home/andy/turtlebot3_ws/install/dynamixel_sdk/include//dynamixel_sdk/protocol1_packet_handler.h
[3.896s] -- Up-to-date symlink: /home/andy/turtlebot3_ws/install/dynamixel_sdk/include//dynamixel_sdk/protocol2_packet_handler.h
[3.897s] -- Up-to-date symlink: /home/andy/turtlebot3_ws/install/dynamixel_sdk/share/dynamixel_sdk/environment/pythonpath.sh
[3.898s] -- Up-to-date symlink: /home/andy/turtlebot3_ws/install/dynamixel_sdk/share/dynamixel_sdk/environment/pythonpath.dsv
[3.899s] -- Up-to-date symlink: /home/andy/turtlebot3_ws/install/dynamixel_sdk/local/lib/python3.10/dist-packages/dynamixel_sdk-3.8.4-py3.10.egg-info/PKG-INFO
[3.905s] -- Up-to-date symlink: /home/andy/turtlebot3_ws/install/dynamixel_sdk/local/lib/python3.10/dist-packages/dynamixel_sdk-3.8.4-py3.10.egg-info/SOURCES.txt
[3.907s] -- Up-to-date symlink: /home/andy/turtlebot3_ws/install/dynamixel_sdk/local/lib/python3.10/dist-packages/dynamixel_sdk-3.8.4-py3.10.egg-info/dependency_links.txt
[3.909s] -- Up-to-date symlink: /home/andy/turtlebot3_ws/install/dynamixel_sdk/local/lib/python3.10/dist-packages/dynamixel_sdk-3.8.4-py3.10.egg-info/top_level.txt
[3.912s] -- Up-to-date symlink: /home/andy/turtlebot3_ws/install/dynamixel_sdk/local/lib/python3.10/dist-packages/dynamixel_sdk/__init__.py
[3.912s] -- Up-to-date symlink: /home/andy/turtlebot3_ws/install/dynamixel_sdk/local/lib/python3.10/dist-packages/dynamixel_sdk/group_bulk_read.cpp
[3.929s] -- Up-to-date symlink: /home/andy/turtlebot3_ws/install/dynamixel_sdk/local/lib/python3.10/dist-packages/dynamixel_sdk/group_bulk_read.py
[3.931s] -- Up-to-date symlink: /home/andy/turtlebot3_ws/install/dynamixel_sdk/local/lib/python3.10/dist-packages/dynamixel_sdk/group_bulk_write.cpp
[3.932s] -- Up-to-date symlink: /home/andy/turtlebot3_ws/install/dynamixel_sdk/local/lib/python3.10/dist-packages/dynamixel_sdk/group_bulk_write.py
[3.933s] -- Up-to-date symlink: /home/andy/turtlebot3_ws/install/dynamixel_sdk/local/lib/python3.10/dist-packages/dynamixel_sdk/group_fast_bulk_read.cpp
[3.939s] -- Up-to-date symlink: /home/andy/turtlebot3_ws/install/dynamixel_sdk/local/lib/python3.10/dist-packages/dynamixel_sdk/group_fast_sync_read.cpp
[3.941s] -- Up-to-date symlink: /home/andy/turtlebot3_ws/install/dynamixel_sdk/local/lib/python3.10/dist-packages/dynamixel_sdk/group_handler.cpp
[3.942s] -- Up-to-date symlink: /home/andy/turtlebot3_ws/install/dynamixel_sdk/local/lib/python3.10/dist-packages/dynamixel_sdk/group_sync_read.cpp
[3.945s] -- Up-to-date symlink: /home/andy/turtlebot3_ws/install/dynamixel_sdk/local/lib/python3.10/dist-packages/dynamixel_sdk/group_sync_read.py
[3.945s] -- Up-to-date symlink: /home/andy/turtlebot3_ws/install/dynamixel_sdk/local/lib/python3.10/dist-packages/dynamixel_sdk/group_sync_write.cpp
[3.945s] -- Up-to-date symlink: /home/andy/turtlebot3_ws/install/dynamixel_sdk/local/lib/python3.10/dist-packages/dynamixel_sdk/group_sync_write.py
[3.948s] -- Up-to-date symlink: /home/andy/turtlebot3_ws/install/dynamixel_sdk/local/lib/python3.10/dist-packages/dynamixel_sdk/packet_handler.cpp
[3.949s] -- Up-to-date symlink: /home/andy/turtlebot3_ws/install/dynamixel_sdk/local/lib/python3.10/dist-packages/dynamixel_sdk/packet_handler.py
[3.949s] -- Up-to-date symlink: /home/andy/turtlebot3_ws/install/dynamixel_sdk/local/lib/python3.10/dist-packages/dynamixel_sdk/port_handler.cpp
[3.949s] -- Up-to-date symlink: /home/andy/turtlebot3_ws/install/dynamixel_sdk/local/lib/python3.10/dist-packages/dynamixel_sdk/port_handler.py
[3.949s] -- Up-to-date symlink: /home/andy/turtlebot3_ws/install/dynamixel_sdk/local/lib/python3.10/dist-packages/dynamixel_sdk/port_handler_arduino.cpp
[3.962s] -- Up-to-date symlink: /home/andy/turtlebot3_ws/install/dynamixel_sdk/local/lib/python3.10/dist-packages/dynamixel_sdk/port_handler_linux.cpp
[3.962s] -- Up-to-date symlink: /home/andy/turtlebot3_ws/install/dynamixel_sdk/local/lib/python3.10/dist-packages/dynamixel_sdk/port_handler_mac.cpp
[3.968s] -- Up-to-date symlink: /home/andy/turtlebot3_ws/install/dynamixel_sdk/local/lib/python3.10/dist-packages/dynamixel_sdk/port_handler_windows.cpp
[3.969s] -- Up-to-date symlink: /home/andy/turtlebot3_ws/install/dynamixel_sdk/local/lib/python3.10/dist-packages/dynamixel_sdk/protocol1_packet_handler.cpp
[3.970s] -- Up-to-date symlink: /home/andy/turtlebot3_ws/install/dynamixel_sdk/local/lib/python3.10/dist-packages/dynamixel_sdk/protocol1_packet_handler.py
[3.972s] -- Up-to-date symlink: /home/andy/turtlebot3_ws/install/dynamixel_sdk/local/lib/python3.10/dist-packages/dynamixel_sdk/protocol2_packet_handler.cpp
[3.974s] -- Up-to-date symlink: /home/andy/turtlebot3_ws/install/dynamixel_sdk/local/lib/python3.10/dist-packages/dynamixel_sdk/protocol2_packet_handler.py
[3.977s] -- Up-to-date symlink: /home/andy/turtlebot3_ws/install/dynamixel_sdk/local/lib/python3.10/dist-packages/dynamixel_sdk/robotis_def.py
[3.977s] -- Up-to-date symlink: /home/andy/turtlebot3_ws/install/dynamixel_sdk/share/dynamixel_sdk/environment/library_path.sh
[3.978s] -- Up-to-date symlink: /home/andy/turtlebot3_ws/install/dynamixel_sdk/share/dynamixel_sdk/environment/library_path.dsv
[3.978s] -- Up-to-date symlink: /home/andy/turtlebot3_ws/install/dynamixel_sdk/share/ament_index/resource_index/package_run_dependencies/dynamixel_sdk
[3.978s] -- Up-to-date symlink: /home/andy/turtlebot3_ws/install/dynamixel_sdk/share/ament_index/resource_index/parent_prefix_path/dynamixel_sdk
[3.978s] -- Up-to-date symlink: /home/andy/turtlebot3_ws/install/dynamixel_sdk/share/dynamixel_sdk/environment/ament_prefix_path.sh
[3.988s] -- Up-to-date symlink: /home/andy/turtlebot3_ws/install/dynamixel_sdk/share/dynamixel_sdk/environment/ament_prefix_path.dsv
[3.989s] -- Up-to-date symlink: /home/andy/turtlebot3_ws/install/dynamixel_sdk/share/dynamixel_sdk/environment/path.sh
[3.990s] -- Up-to-date symlink: /home/andy/turtlebot3_ws/install/dynamixel_sdk/share/dynamixel_sdk/environment/path.dsv
[3.993s] -- Up-to-date symlink: /home/andy/turtlebot3_ws/install/dynamixel_sdk/share/dynamixel_sdk/local_setup.bash
[3.993s] -- Up-to-date symlink: /home/andy/turtlebot3_ws/install/dynamixel_sdk/share/dynamixel_sdk/local_setup.sh
[3.993s] -- Up-to-date symlink: /home/andy/turtlebot3_ws/install/dynamixel_sdk/share/dynamixel_sdk/local_setup.zsh
[3.993s] -- Up-to-date symlink: /home/andy/turtlebot3_ws/install/dynamixel_sdk/share/dynamixel_sdk/local_setup.dsv
[3.994s] -- Symlinking: /home/andy/turtlebot3_ws/install/dynamixel_sdk/share/dynamixel_sdk/package.dsv
[4.075s] -- Up-to-date symlink: /home/andy/turtlebot3_ws/install/dynamixel_sdk/share/ament_index/resource_index/packages/dynamixel_sdk
[4.076s] -- Up-to-date symlink: /home/andy/turtlebot3_ws/install/dynamixel_sdk/share/dynamixel_sdk/cmake/ament_cmake_export_targets-extras.cmake
[4.090s] -- Up-to-date symlink: /home/andy/turtlebot3_ws/install/dynamixel_sdk/share/dynamixel_sdk/cmake/ament_cmake_export_include_directories-extras.cmake
[4.091s] -- Up-to-date symlink: /home/andy/turtlebot3_ws/install/dynamixel_sdk/share/dynamixel_sdk/cmake/ament_cmake_export_libraries-extras.cmake
[4.091s] -- Up-to-date symlink: /home/andy/turtlebot3_ws/install/dynamixel_sdk/share/dynamixel_sdk/cmake/dynamixel_sdkConfig.cmake
[4.092s] -- Up-to-date symlink: /home/andy/turtlebot3_ws/install/dynamixel_sdk/share/dynamixel_sdk/cmake/dynamixel_sdkConfig-version.cmake
[4.092s] -- Up-to-date symlink: /home/andy/turtlebot3_ws/install/dynamixel_sdk/share/dynamixel_sdk/package.xml
[4.092s] -- Up-to-date: /home/andy/turtlebot3_ws/install/dynamixel_sdk/lib/libdynamixel_sdk.so
[4.191s] Listing '/home/andy/turtlebot3_ws/install/dynamixel_sdk/local/lib/python3.10/dist-packages/dynamixel_sdk'...
[4.193s] -- Up-to-date: /home/andy/turtlebot3_ws/install/dynamixel_sdk/share/dynamixel_sdk/cmake/dynamixel_sdkExport.cmake
[4.196s] -- Up-to-date: /home/andy/turtlebot3_ws/install/dynamixel_sdk/share/dynamixel_sdk/cmake/dynamixel_sdkExport-noconfig.cmake
[4.251s] Invoked command in '/home/andy/turtlebot3_ws/build/dynamixel_sdk' returned '0': CMAKE_PREFIX_PATH=${CMAKE_PREFIX_PATH}:/opt/ros/humble /usr/bin/cmake --install /home/andy/turtlebot3_ws/build/dynamixel_sdk
