[0.038s] Invoking command in '/home/andy/turtlebot3_ws/build/dynamixel_sdk_custom_interfaces': CMAKE_PREFIX_PATH=/opt/ros/humble /usr/bin/cmake /home/andy/turtlebot3_ws/src/DynamixelSDK/ros/dynamixel_sdk_custom_interfaces -DAMENT_CMAKE_SYMLINK_INSTALL=1 -DCMAKE_INSTALL_PREFIX=/home/andy/turtlebot3_ws/install/dynamixel_sdk_custom_interfaces
[0.234s] -- The C compiler identification is GNU 11.4.0
[0.403s] -- The CXX compiler identification is GNU 11.4.0
[0.417s] -- Detecting C compiler ABI info
[0.576s] -- Detecting C compiler ABI info - done
[0.603s] -- Check for working C compiler: /usr/bin/cc - skipped
[0.605s] -- Detecting C compile features
[0.607s] -- Detecting C compile features - done
[0.616s] -- Detecting CXX compiler ABI info
[0.798s] -- Detecting CXX compiler ABI info - done
[0.820s] -- Check for working CXX compiler: /usr/bin/c++ - skipped
[0.821s] -- Detecting CXX compile features
[0.821s] -- Detecting CXX compile features - done
[0.828s] -- Found ament_cmake: 1.3.11 (/opt/ros/humble/share/ament_cmake/cmake)
[1.793s] -- Found Python3: /usr/bin/python3 (found version "3.10.12") found components: Interpreter 
[1.939s] -- Override CMake install command with custom implementation using symlinks instead of copying resources
[1.985s] -- Found builtin_interfaces: 1.2.1 (/opt/ros/humble/share/builtin_interfaces/cmake)
[2.061s] -- Found rosidl_generator_c: 3.1.6 (/opt/ros/humble/share/rosidl_generator_c/cmake)
[2.075s] -- Found rosidl_adapter: 3.1.6 (/opt/ros/humble/share/rosidl_adapter/cmake)
[2.126s] -- Found rosidl_generator_cpp: 3.1.6 (/opt/ros/humble/share/rosidl_generator_cpp/cmake)
[2.205s] -- Using all available rosidl_typesupport_c: rosidl_typesupport_fastrtps_c;rosidl_typesupport_introspection_c
[2.300s] -- Using all available rosidl_typesupport_cpp: rosidl_typesupport_fastrtps_cpp;rosidl_typesupport_introspection_cpp
[2.387s] -- Found rosidl_default_generators: 1.2.0 (/opt/ros/humble/share/rosidl_default_generators/cmake)
[3.343s] -- Found ament_cmake_ros: 0.10.0 (/opt/ros/humble/share/ament_cmake_ros/cmake)
[4.286s] -- Using all available rosidl_typesupport_c: rosidl_typesupport_fastrtps_c;rosidl_typesupport_introspection_c
[4.460s] -- Using all available rosidl_typesupport_cpp: rosidl_typesupport_fastrtps_cpp;rosidl_typesupport_introspection_cpp
[4.489s] -- Found PythonInterp: /usr/bin/python3 (found suitable version "3.10.12", minimum required is "3.6") 
[4.492s] -- Found python_cmake_module: 0.10.0 (/opt/ros/humble/share/python_cmake_module/cmake)
[4.526s] -- Found PythonLibs: /usr/lib/x86_64-linux-gnu/libpython3.10.so (found suitable version "3.10.12", minimum required is "3.5") 
[4.527s] -- Using PYTHON_EXECUTABLE: /usr/bin/python3
[4.527s] -- Using PYTHON_INCLUDE_DIRS: /usr/include/python3.10
[4.527s] -- Using PYTHON_LIBRARIES: /usr/lib/x86_64-linux-gnu/libpython3.10.so
[4.558s] -- Found PythonExtra: .so  
[4.618s] -- Configuring done
[4.662s] -- Generating done
[4.674s] -- Build files have been written to: /home/andy/turtlebot3_ws/build/dynamixel_sdk_custom_interfaces
