[3.807s] Invoking command in '/home/andy/turtlebot3_ws/build/turtlebot3_teleop': PYTHONPATH=/home/andy/turtlebot3_ws/build/turtlebot3_teleop/prefix_override:/usr/lib/python3/dist-packages/colcon_core/task/python/colcon_distutils_commands:/home/andy/turtlebot3_ws/install/turtlebot3_teleop/lib/python3.10/site-packages:${PYTHONPATH} /usr/bin/python3 -W ignore:setup.py install is deprecated -W ignore:easy_install command is deprecated setup.py develop --editable --build-directory /home/andy/turtlebot3_ws/build/turtlebot3_teleop/build --no-deps symlink_data
[4.936s] /home/andy/.local/lib/python3.10/site-packages/setuptools/_distutils/dist.py:289: UserWarning: Unknown distribution option: 'tests_require'
[4.936s]   warnings.warn(msg)
[5.057s] /home/andy/.local/lib/python3.10/site-packages/setuptools/dist.py:759: SetuptoolsDeprecationWarning: License classifiers are deprecated.
[5.057s] !!
[5.057s] 
[5.058s]         ********************************************************************************
[5.058s]         Please consider removing the following classifiers in favor of a SPDX license expression:
[5.058s] 
[5.058s]         License :: OSI Approved :: Apache Software License
[5.058s] 
[5.058s]         See https://packaging.python.org/en/latest/guides/writing-pyproject-toml/#license for details.
[5.059s]         ********************************************************************************
[5.059s] 
[5.059s] !!
[5.059s]   self._finalize_license_expression()
[5.112s] usage: setup.py [global_opts] cmd1 [cmd1_opts] [cmd2 [cmd2_opts] ...]
[5.112s]    or: setup.py --help [cmd1 cmd2 ...]
[5.112s]    or: setup.py --help-commands
[5.112s]    or: setup.py cmd --help
[5.113s] 
[5.113s] error: option --editable not recognized
[5.196s] Invoked command in '/home/andy/turtlebot3_ws/build/turtlebot3_teleop' returned '1': PYTHONPATH=/home/andy/turtlebot3_ws/build/turtlebot3_teleop/prefix_override:/usr/lib/python3/dist-packages/colcon_core/task/python/colcon_distutils_commands:/home/andy/turtlebot3_ws/install/turtlebot3_teleop/lib/python3.10/site-packages:${PYTHONPATH} /usr/bin/python3 -W ignore:setup.py install is deprecated -W ignore:easy_install command is deprecated setup.py develop --editable --build-directory /home/andy/turtlebot3_ws/build/turtlebot3_teleop/build --no-deps symlink_data
