[0.245s] Invoking command in '/home/andy/turtlebot3_ws/build/dynamixel_sdk': CMAKE_PREFIX_PATH=${CMAKE_PREFIX_PATH}:/home/andy/turtlebot3_ws/install/turtlebot3_teleop:/home/andy/turtlebot3_ws/install/turtlebot3_example:/home/andy/turtlebot3_ws/install/turtlebot3_autorace_mission:/home/andy/turtlebot3_ws/install/turtlebot3_autorace_detect:/home/andy/turtlebot3_ws/install/turtlebot3_autorace_camera:/opt/ros/humble /usr/bin/cmake --build /home/andy/turtlebot3_ws/build/dynamixel_sdk -- -j8 -l8
[6.257s] [100%] Built target dynamixel_sdk
[6.258s] [100%] Built target ament_cmake_python_symlink_dynamixel_sdk
[6.258s] running egg_info
[6.258s] writing dynamixel_sdk.egg-info/PKG-INFO
[6.259s] writing dependency_links to dynamixel_sdk.egg-info/dependency_links.txt
[6.259s] writing top-level names to dynamixel_sdk.egg-info/top_level.txt
[6.260s] reading manifest file 'dynamixel_sdk.egg-info/SOURCES.txt'
[6.260s] writing manifest file 'dynamixel_sdk.egg-info/SOURCES.txt'
[6.261s] [100%] Built target ament_cmake_python_build_dynamixel_sdk_egg
[6.313s] Invoked command in '/home/andy/turtlebot3_ws/build/dynamixel_sdk' returned '0': CMAKE_PREFIX_PATH=${CMAKE_PREFIX_PATH}:/home/andy/turtlebot3_ws/install/turtlebot3_teleop:/home/andy/turtlebot3_ws/install/turtlebot3_example:/home/andy/turtlebot3_ws/install/turtlebot3_autorace_mission:/home/andy/turtlebot3_ws/install/turtlebot3_autorace_detect:/home/andy/turtlebot3_ws/install/turtlebot3_autorace_camera:/opt/ros/humble /usr/bin/cmake --build /home/andy/turtlebot3_ws/build/dynamixel_sdk -- -j8 -l8
[6.326s] Invoking command in '/home/andy/turtlebot3_ws/build/dynamixel_sdk': CMAKE_PREFIX_PATH=${CMAKE_PREFIX_PATH}:/home/andy/turtlebot3_ws/install/turtlebot3_teleop:/home/andy/turtlebot3_ws/install/turtlebot3_example:/home/andy/turtlebot3_ws/install/turtlebot3_autorace_mission:/home/andy/turtlebot3_ws/install/turtlebot3_autorace_detect:/home/andy/turtlebot3_ws/install/turtlebot3_autorace_camera:/opt/ros/humble /usr/bin/cmake --install /home/andy/turtlebot3_ws/build/dynamixel_sdk
[6.468s] -- Install configuration: ""
[6.471s] -- Execute custom install script
[6.474s] -- Up-to-date symlink: /home/andy/turtlebot3_ws/install/dynamixel_sdk/include//dynamixel_sdk/dynamixel_sdk.h
[6.474s] -- Up-to-date symlink: /home/andy/turtlebot3_ws/install/dynamixel_sdk/include//dynamixel_sdk/group_bulk_read.h
[6.475s] -- Up-to-date symlink: /home/andy/turtlebot3_ws/install/dynamixel_sdk/include//dynamixel_sdk/group_bulk_write.h
[6.476s] -- Up-to-date symlink: /home/andy/turtlebot3_ws/install/dynamixel_sdk/include//dynamixel_sdk/group_fast_bulk_read.h
[6.482s] -- Up-to-date symlink: /home/andy/turtlebot3_ws/install/dynamixel_sdk/include//dynamixel_sdk/group_fast_sync_read.h
[6.491s] -- Up-to-date symlink: /home/andy/turtlebot3_ws/install/dynamixel_sdk/include//dynamixel_sdk/group_handler.h
[6.492s] -- Up-to-date symlink: /home/andy/turtlebot3_ws/install/dynamixel_sdk/include//dynamixel_sdk/group_sync_read.h
[6.513s] -- Up-to-date symlink: /home/andy/turtlebot3_ws/install/dynamixel_sdk/include//dynamixel_sdk/group_sync_write.h
[6.513s] -- Up-to-date symlink: /home/andy/turtlebot3_ws/install/dynamixel_sdk/include//dynamixel_sdk/packet_handler.h
[6.520s] -- Up-to-date symlink: /home/andy/turtlebot3_ws/install/dynamixel_sdk/include//dynamixel_sdk/port_handler.h
[6.520s] -- Up-to-date symlink: /home/andy/turtlebot3_ws/install/dynamixel_sdk/include//dynamixel_sdk/port_handler_arduino.h
[6.531s] -- Up-to-date symlink: /home/andy/turtlebot3_ws/install/dynamixel_sdk/include//dynamixel_sdk/port_handler_linux.h
[6.541s] -- Up-to-date symlink: /home/andy/turtlebot3_ws/install/dynamixel_sdk/include//dynamixel_sdk/port_handler_mac.h
[6.541s] -- Up-to-date symlink: /home/andy/turtlebot3_ws/install/dynamixel_sdk/include//dynamixel_sdk/port_handler_windows.h
[6.543s] -- Up-to-date symlink: /home/andy/turtlebot3_ws/install/dynamixel_sdk/include//dynamixel_sdk/protocol1_packet_handler.h
[6.559s] -- Up-to-date symlink: /home/andy/turtlebot3_ws/install/dynamixel_sdk/include//dynamixel_sdk/protocol2_packet_handler.h
[6.559s] -- Up-to-date symlink: /home/andy/turtlebot3_ws/install/dynamixel_sdk/share/dynamixel_sdk/environment/pythonpath.sh
[6.560s] -- Up-to-date symlink: /home/andy/turtlebot3_ws/install/dynamixel_sdk/share/dynamixel_sdk/environment/pythonpath.dsv
[6.561s] -- Up-to-date symlink: /home/andy/turtlebot3_ws/install/dynamixel_sdk/local/lib/python3.10/dist-packages/dynamixel_sdk-3.8.4-py3.10.egg-info/PKG-INFO
[6.561s] -- Up-to-date symlink: /home/andy/turtlebot3_ws/install/dynamixel_sdk/local/lib/python3.10/dist-packages/dynamixel_sdk-3.8.4-py3.10.egg-info/SOURCES.txt
[6.562s] -- Up-to-date symlink: /home/andy/turtlebot3_ws/install/dynamixel_sdk/local/lib/python3.10/dist-packages/dynamixel_sdk-3.8.4-py3.10.egg-info/dependency_links.txt
[6.572s] -- Up-to-date symlink: /home/andy/turtlebot3_ws/install/dynamixel_sdk/local/lib/python3.10/dist-packages/dynamixel_sdk-3.8.4-py3.10.egg-info/top_level.txt
[6.643s] -- Up-to-date symlink: /home/andy/turtlebot3_ws/install/dynamixel_sdk/local/lib/python3.10/dist-packages/dynamixel_sdk/__init__.py
[6.643s] -- Up-to-date symlink: /home/andy/turtlebot3_ws/install/dynamixel_sdk/local/lib/python3.10/dist-packages/dynamixel_sdk/group_bulk_read.cpp
[6.648s] -- Up-to-date symlink: /home/andy/turtlebot3_ws/install/dynamixel_sdk/local/lib/python3.10/dist-packages/dynamixel_sdk/group_bulk_read.py
[6.649s] -- Up-to-date symlink: /home/andy/turtlebot3_ws/install/dynamixel_sdk/local/lib/python3.10/dist-packages/dynamixel_sdk/group_bulk_write.cpp
[6.650s] -- Up-to-date symlink: /home/andy/turtlebot3_ws/install/dynamixel_sdk/local/lib/python3.10/dist-packages/dynamixel_sdk/group_bulk_write.py
[6.650s] -- Up-to-date symlink: /home/andy/turtlebot3_ws/install/dynamixel_sdk/local/lib/python3.10/dist-packages/dynamixel_sdk/group_fast_bulk_read.cpp
[6.675s] -- Up-to-date symlink: /home/andy/turtlebot3_ws/install/dynamixel_sdk/local/lib/python3.10/dist-packages/dynamixel_sdk/group_fast_sync_read.cpp
[6.678s] -- Up-to-date symlink: /home/andy/turtlebot3_ws/install/dynamixel_sdk/local/lib/python3.10/dist-packages/dynamixel_sdk/group_handler.cpp
[6.680s] -- Up-to-date symlink: /home/andy/turtlebot3_ws/install/dynamixel_sdk/local/lib/python3.10/dist-packages/dynamixel_sdk/group_sync_read.cpp
[6.680s] -- Up-to-date symlink: /home/andy/turtlebot3_ws/install/dynamixel_sdk/local/lib/python3.10/dist-packages/dynamixel_sdk/group_sync_read.py
[6.686s] -- Up-to-date symlink: /home/andy/turtlebot3_ws/install/dynamixel_sdk/local/lib/python3.10/dist-packages/dynamixel_sdk/group_sync_write.cpp
[6.688s] -- Up-to-date symlink: /home/andy/turtlebot3_ws/install/dynamixel_sdk/local/lib/python3.10/dist-packages/dynamixel_sdk/group_sync_write.py
[6.695s] -- Up-to-date symlink: /home/andy/turtlebot3_ws/install/dynamixel_sdk/local/lib/python3.10/dist-packages/dynamixel_sdk/packet_handler.cpp
[6.696s] -- Up-to-date symlink: /home/andy/turtlebot3_ws/install/dynamixel_sdk/local/lib/python3.10/dist-packages/dynamixel_sdk/packet_handler.py
[6.697s] -- Up-to-date symlink: /home/andy/turtlebot3_ws/install/dynamixel_sdk/local/lib/python3.10/dist-packages/dynamixel_sdk/port_handler.cpp
[6.697s] -- Up-to-date symlink: /home/andy/turtlebot3_ws/install/dynamixel_sdk/local/lib/python3.10/dist-packages/dynamixel_sdk/port_handler.py
[6.697s] -- Up-to-date symlink: /home/andy/turtlebot3_ws/install/dynamixel_sdk/local/lib/python3.10/dist-packages/dynamixel_sdk/port_handler_arduino.cpp
[6.703s] -- Up-to-date symlink: /home/andy/turtlebot3_ws/install/dynamixel_sdk/local/lib/python3.10/dist-packages/dynamixel_sdk/port_handler_linux.cpp
[6.704s] -- Up-to-date symlink: /home/andy/turtlebot3_ws/install/dynamixel_sdk/local/lib/python3.10/dist-packages/dynamixel_sdk/port_handler_mac.cpp
[6.714s] -- Up-to-date symlink: /home/andy/turtlebot3_ws/install/dynamixel_sdk/local/lib/python3.10/dist-packages/dynamixel_sdk/port_handler_windows.cpp
[6.715s] -- Up-to-date symlink: /home/andy/turtlebot3_ws/install/dynamixel_sdk/local/lib/python3.10/dist-packages/dynamixel_sdk/protocol1_packet_handler.cpp
[6.716s] -- Up-to-date symlink: /home/andy/turtlebot3_ws/install/dynamixel_sdk/local/lib/python3.10/dist-packages/dynamixel_sdk/protocol1_packet_handler.py
[6.717s] -- Up-to-date symlink: /home/andy/turtlebot3_ws/install/dynamixel_sdk/local/lib/python3.10/dist-packages/dynamixel_sdk/protocol2_packet_handler.cpp
[6.719s] -- Up-to-date symlink: /home/andy/turtlebot3_ws/install/dynamixel_sdk/local/lib/python3.10/dist-packages/dynamixel_sdk/protocol2_packet_handler.py
[6.794s] -- Up-to-date symlink: /home/andy/turtlebot3_ws/install/dynamixel_sdk/local/lib/python3.10/dist-packages/dynamixel_sdk/robotis_def.py
[6.794s] -- Up-to-date symlink: /home/andy/turtlebot3_ws/install/dynamixel_sdk/share/dynamixel_sdk/environment/library_path.sh
[6.801s] -- Up-to-date symlink: /home/andy/turtlebot3_ws/install/dynamixel_sdk/share/dynamixel_sdk/environment/library_path.dsv
[6.801s] -- Up-to-date symlink: /home/andy/turtlebot3_ws/install/dynamixel_sdk/share/ament_index/resource_index/package_run_dependencies/dynamixel_sdk
[6.802s] -- Up-to-date symlink: /home/andy/turtlebot3_ws/install/dynamixel_sdk/share/ament_index/resource_index/parent_prefix_path/dynamixel_sdk
[6.802s] -- Up-to-date symlink: /home/andy/turtlebot3_ws/install/dynamixel_sdk/share/dynamixel_sdk/environment/ament_prefix_path.sh
[6.803s] -- Up-to-date symlink: /home/andy/turtlebot3_ws/install/dynamixel_sdk/share/dynamixel_sdk/environment/ament_prefix_path.dsv
[6.803s] -- Up-to-date symlink: /home/andy/turtlebot3_ws/install/dynamixel_sdk/share/dynamixel_sdk/environment/path.sh
[6.838s] -- Up-to-date symlink: /home/andy/turtlebot3_ws/install/dynamixel_sdk/share/dynamixel_sdk/environment/path.dsv
[6.839s] -- Up-to-date symlink: /home/andy/turtlebot3_ws/install/dynamixel_sdk/share/dynamixel_sdk/local_setup.bash
[6.842s] -- Up-to-date symlink: /home/andy/turtlebot3_ws/install/dynamixel_sdk/share/dynamixel_sdk/local_setup.sh
[6.843s] -- Up-to-date symlink: /home/andy/turtlebot3_ws/install/dynamixel_sdk/share/dynamixel_sdk/local_setup.zsh
[6.844s] -- Up-to-date symlink: /home/andy/turtlebot3_ws/install/dynamixel_sdk/share/dynamixel_sdk/local_setup.dsv
[6.849s] -- Symlinking: /home/andy/turtlebot3_ws/install/dynamixel_sdk/share/dynamixel_sdk/package.dsv
[7.047s] -- Up-to-date symlink: /home/andy/turtlebot3_ws/install/dynamixel_sdk/share/ament_index/resource_index/packages/dynamixel_sdk
[7.048s] -- Up-to-date symlink: /home/andy/turtlebot3_ws/install/dynamixel_sdk/share/dynamixel_sdk/cmake/ament_cmake_export_targets-extras.cmake
[7.049s] -- Up-to-date symlink: /home/andy/turtlebot3_ws/install/dynamixel_sdk/share/dynamixel_sdk/cmake/ament_cmake_export_include_directories-extras.cmake
[7.053s] -- Up-to-date symlink: /home/andy/turtlebot3_ws/install/dynamixel_sdk/share/dynamixel_sdk/cmake/ament_cmake_export_libraries-extras.cmake
[7.054s] -- Up-to-date symlink: /home/andy/turtlebot3_ws/install/dynamixel_sdk/share/dynamixel_sdk/cmake/dynamixel_sdkConfig.cmake
[7.055s] -- Up-to-date symlink: /home/andy/turtlebot3_ws/install/dynamixel_sdk/share/dynamixel_sdk/cmake/dynamixel_sdkConfig-version.cmake
[7.055s] -- Up-to-date symlink: /home/andy/turtlebot3_ws/install/dynamixel_sdk/share/dynamixel_sdk/package.xml
[7.055s] -- Up-to-date: /home/andy/turtlebot3_ws/install/dynamixel_sdk/lib/libdynamixel_sdk.so
[7.183s] Listing '/home/andy/turtlebot3_ws/install/dynamixel_sdk/local/lib/python3.10/dist-packages/dynamixel_sdk'...
[7.188s] -- Up-to-date: /home/andy/turtlebot3_ws/install/dynamixel_sdk/share/dynamixel_sdk/cmake/dynamixel_sdkExport.cmake
[7.197s] -- Up-to-date: /home/andy/turtlebot3_ws/install/dynamixel_sdk/share/dynamixel_sdk/cmake/dynamixel_sdkExport-noconfig.cmake
[7.309s] Invoked command in '/home/andy/turtlebot3_ws/build/dynamixel_sdk' returned '0': CMAKE_PREFIX_PATH=${CMAKE_PREFIX_PATH}:/home/andy/turtlebot3_ws/install/turtlebot3_teleop:/home/andy/turtlebot3_ws/install/turtlebot3_example:/home/andy/turtlebot3_ws/install/turtlebot3_autorace_mission:/home/andy/turtlebot3_ws/install/turtlebot3_autorace_detect:/home/andy/turtlebot3_ws/install/turtlebot3_autorace_camera:/opt/ros/humble /usr/bin/cmake --install /home/andy/turtlebot3_ws/build/dynamixel_sdk
