[0.078s] Invoking command in '/home/andy/turtlebot3_ws/build/turtlebot3_msgs': CMAKE_PREFIX_PATH=${CMAKE_PREFIX_PATH}:/home/andy/turtlebot3_ws/install/turtlebot3_teleop:/home/andy/turtlebot3_ws/install/turtlebot3_example:/opt/ros/humble /usr/bin/cmake --build /home/andy/turtlebot3_ws/build/turtlebot3_msgs -- -j8 -l8
[1.572s] [  1%] Built target turtlebot3_msgs__cpp
[1.573s] [  1%] Built target ament_cmake_python_symlink_turtlebot3_msgs
[1.575s] [ 12%] Built target turtlebot3_msgs__rosidl_generator_c
[1.575s] [ 24%] Built target turtlebot3_msgs__rosidl_typesupport_cpp
[1.575s] [ 35%] Built target turtlebot3_msgs__rosidl_typesupport_c
[1.575s] [ 46%] Built target turtlebot3_msgs__rosidl_typesupport_introspection_cpp
[1.575s] [ 58%] Built target turtlebot3_msgs__rosidl_typesupport_introspection_c
[1.575s] [ 69%] Built target turtlebot3_msgs__rosidl_typesupport_fastrtps_c
[1.575s] [ 81%] Built target turtlebot3_msgs__rosidl_typesupport_fastrtps_cpp
[1.575s] [ 81%] Built target turtlebot3_msgs
[1.575s] [ 82%] Built target turtlebot3_msgs__py
[1.576s] [ 92%] Built target turtlebot3_msgs__rosidl_generator_py
[1.576s] [ 94%] Built target turtlebot3_msgs__rosidl_typesupport_c__pyext
[1.576s] [ 97%] Built target turtlebot3_msgs__rosidl_typesupport_introspection_c__pyext
[1.576s] [100%] Built target turtlebot3_msgs__rosidl_typesupport_fastrtps_c__pyext
[1.576s] running egg_info
[1.576s] writing turtlebot3_msgs.egg-info/PKG-INFO
[1.576s] writing dependency_links to turtlebot3_msgs.egg-info/dependency_links.txt
[1.576s] writing top-level names to turtlebot3_msgs.egg-info/top_level.txt
[1.576s] reading manifest file 'turtlebot3_msgs.egg-info/SOURCES.txt'
[1.576s] writing manifest file 'turtlebot3_msgs.egg-info/SOURCES.txt'
[1.576s] [100%] Built target ament_cmake_python_build_turtlebot3_msgs_egg
[1.583s] Invoked command in '/home/andy/turtlebot3_ws/build/turtlebot3_msgs' returned '0': CMAKE_PREFIX_PATH=${CMAKE_PREFIX_PATH}:/home/andy/turtlebot3_ws/install/turtlebot3_teleop:/home/andy/turtlebot3_ws/install/turtlebot3_example:/opt/ros/humble /usr/bin/cmake --build /home/andy/turtlebot3_ws/build/turtlebot3_msgs -- -j8 -l8
[1.596s] Invoking command in '/home/andy/turtlebot3_ws/build/turtlebot3_msgs': CMAKE_PREFIX_PATH=${CMAKE_PREFIX_PATH}:/home/andy/turtlebot3_ws/install/turtlebot3_teleop:/home/andy/turtlebot3_ws/install/turtlebot3_example:/opt/ros/humble /usr/bin/cmake --install /home/andy/turtlebot3_ws/build/turtlebot3_msgs
[1.613s] -- Install configuration: ""
[1.614s] -- Execute custom install script
[1.614s] -- Up-to-date symlink: /home/andy/turtlebot3_ws/install/turtlebot3_msgs/share/ament_index/resource_index/rosidl_interfaces/turtlebot3_msgs
[1.614s] -- Up-to-date symlink: /home/andy/turtlebot3_ws/install/turtlebot3_msgs/include/turtlebot3_msgs/turtlebot3_msgs/action/detail/patrol__functions.h
[1.615s] -- Up-to-date symlink: /home/andy/turtlebot3_ws/install/turtlebot3_msgs/include/turtlebot3_msgs/turtlebot3_msgs/action/detail/patrol__struct.h
[1.615s] -- Up-to-date symlink: /home/andy/turtlebot3_ws/install/turtlebot3_msgs/include/turtlebot3_msgs/turtlebot3_msgs/action/detail/patrol__type_support.h
[1.615s] -- Up-to-date symlink: /home/andy/turtlebot3_ws/install/turtlebot3_msgs/include/turtlebot3_msgs/turtlebot3_msgs/action/patrol.h
[1.617s] -- Up-to-date symlink: /home/andy/turtlebot3_ws/install/turtlebot3_msgs/include/turtlebot3_msgs/turtlebot3_msgs/msg/detail/sensor_state__functions.h
[1.618s] -- Up-to-date symlink: /home/andy/turtlebot3_ws/install/turtlebot3_msgs/include/turtlebot3_msgs/turtlebot3_msgs/msg/detail/sensor_state__struct.h
[1.618s] -- Up-to-date symlink: /home/andy/turtlebot3_ws/install/turtlebot3_msgs/include/turtlebot3_msgs/turtlebot3_msgs/msg/detail/sensor_state__type_support.h
[1.618s] -- Up-to-date symlink: /home/andy/turtlebot3_ws/install/turtlebot3_msgs/include/turtlebot3_msgs/turtlebot3_msgs/msg/detail/sound__functions.h
[1.620s] -- Up-to-date symlink: /home/andy/turtlebot3_ws/install/turtlebot3_msgs/include/turtlebot3_msgs/turtlebot3_msgs/msg/detail/sound__struct.h
[1.621s] -- Up-to-date symlink: /home/andy/turtlebot3_ws/install/turtlebot3_msgs/include/turtlebot3_msgs/turtlebot3_msgs/msg/detail/sound__type_support.h
[1.623s] -- Up-to-date symlink: /home/andy/turtlebot3_ws/install/turtlebot3_msgs/include/turtlebot3_msgs/turtlebot3_msgs/msg/detail/version_info__functions.h
[1.624s] -- Up-to-date symlink: /home/andy/turtlebot3_ws/install/turtlebot3_msgs/include/turtlebot3_msgs/turtlebot3_msgs/msg/detail/version_info__struct.h
[1.624s] -- Up-to-date symlink: /home/andy/turtlebot3_ws/install/turtlebot3_msgs/include/turtlebot3_msgs/turtlebot3_msgs/msg/detail/version_info__type_support.h
[1.627s] -- Up-to-date symlink: /home/andy/turtlebot3_ws/install/turtlebot3_msgs/include/turtlebot3_msgs/turtlebot3_msgs/msg/rosidl_generator_c__visibility_control.h
[1.628s] -- Up-to-date symlink: /home/andy/turtlebot3_ws/install/turtlebot3_msgs/include/turtlebot3_msgs/turtlebot3_msgs/msg/sensor_state.h
[1.629s] -- Up-to-date symlink: /home/andy/turtlebot3_ws/install/turtlebot3_msgs/include/turtlebot3_msgs/turtlebot3_msgs/msg/sound.h
[1.629s] -- Up-to-date symlink: /home/andy/turtlebot3_ws/install/turtlebot3_msgs/include/turtlebot3_msgs/turtlebot3_msgs/msg/version_info.h
[1.630s] -- Up-to-date symlink: /home/andy/turtlebot3_ws/install/turtlebot3_msgs/include/turtlebot3_msgs/turtlebot3_msgs/srv/detail/dqn__functions.h
[1.631s] -- Up-to-date symlink: /home/andy/turtlebot3_ws/install/turtlebot3_msgs/include/turtlebot3_msgs/turtlebot3_msgs/srv/detail/dqn__struct.h
[1.634s] -- Up-to-date symlink: /home/andy/turtlebot3_ws/install/turtlebot3_msgs/include/turtlebot3_msgs/turtlebot3_msgs/srv/detail/dqn__type_support.h
[1.635s] -- Up-to-date symlink: /home/andy/turtlebot3_ws/install/turtlebot3_msgs/include/turtlebot3_msgs/turtlebot3_msgs/srv/detail/goal__functions.h
[1.643s] -- Up-to-date symlink: /home/andy/turtlebot3_ws/install/turtlebot3_msgs/include/turtlebot3_msgs/turtlebot3_msgs/srv/detail/goal__struct.h
[1.645s] -- Up-to-date symlink: /home/andy/turtlebot3_ws/install/turtlebot3_msgs/include/turtlebot3_msgs/turtlebot3_msgs/srv/detail/goal__type_support.h
[1.645s] -- Up-to-date symlink: /home/andy/turtlebot3_ws/install/turtlebot3_msgs/include/turtlebot3_msgs/turtlebot3_msgs/srv/detail/sound__functions.h
[1.646s] -- Up-to-date symlink: /home/andy/turtlebot3_ws/install/turtlebot3_msgs/include/turtlebot3_msgs/turtlebot3_msgs/srv/detail/sound__struct.h
[1.646s] -- Up-to-date symlink: /home/andy/turtlebot3_ws/install/turtlebot3_msgs/include/turtlebot3_msgs/turtlebot3_msgs/srv/detail/sound__type_support.h
[1.648s] -- Up-to-date symlink: /home/andy/turtlebot3_ws/install/turtlebot3_msgs/include/turtlebot3_msgs/turtlebot3_msgs/srv/dqn.h
[1.648s] -- Up-to-date symlink: /home/andy/turtlebot3_ws/install/turtlebot3_msgs/include/turtlebot3_msgs/turtlebot3_msgs/srv/goal.h
[1.649s] -- Up-to-date symlink: /home/andy/turtlebot3_ws/install/turtlebot3_msgs/include/turtlebot3_msgs/turtlebot3_msgs/srv/sound.h
[1.660s] -- Up-to-date symlink: /home/andy/turtlebot3_ws/install/turtlebot3_msgs/share/turtlebot3_msgs/environment/library_path.sh
[1.660s] -- Up-to-date symlink: /home/andy/turtlebot3_ws/install/turtlebot3_msgs/share/turtlebot3_msgs/environment/library_path.dsv
[1.661s] -- Up-to-date symlink: /home/andy/turtlebot3_ws/install/turtlebot3_msgs/include/turtlebot3_msgs/turtlebot3_msgs/action/detail/patrol__rosidl_typesupport_fastrtps_c.h
[1.661s] -- Up-to-date symlink: /home/andy/turtlebot3_ws/install/turtlebot3_msgs/include/turtlebot3_msgs/turtlebot3_msgs/msg/detail/sensor_state__rosidl_typesupport_fastrtps_c.h
[1.661s] -- Up-to-date symlink: /home/andy/turtlebot3_ws/install/turtlebot3_msgs/include/turtlebot3_msgs/turtlebot3_msgs/msg/detail/sound__rosidl_typesupport_fastrtps_c.h
[1.661s] -- Up-to-date symlink: /home/andy/turtlebot3_ws/install/turtlebot3_msgs/include/turtlebot3_msgs/turtlebot3_msgs/msg/detail/version_info__rosidl_typesupport_fastrtps_c.h
[1.669s] -- Up-to-date symlink: /home/andy/turtlebot3_ws/install/turtlebot3_msgs/include/turtlebot3_msgs/turtlebot3_msgs/msg/rosidl_typesupport_fastrtps_c__visibility_control.h
[1.671s] -- Up-to-date symlink: /home/andy/turtlebot3_ws/install/turtlebot3_msgs/include/turtlebot3_msgs/turtlebot3_msgs/srv/detail/dqn__rosidl_typesupport_fastrtps_c.h
[1.672s] -- Up-to-date symlink: /home/andy/turtlebot3_ws/install/turtlebot3_msgs/include/turtlebot3_msgs/turtlebot3_msgs/srv/detail/goal__rosidl_typesupport_fastrtps_c.h
[1.672s] -- Up-to-date symlink: /home/andy/turtlebot3_ws/install/turtlebot3_msgs/include/turtlebot3_msgs/turtlebot3_msgs/srv/detail/sound__rosidl_typesupport_fastrtps_c.h
[1.675s] -- Up-to-date symlink: /home/andy/turtlebot3_ws/install/turtlebot3_msgs/include/turtlebot3_msgs/turtlebot3_msgs/action/detail/patrol__builder.hpp
[1.675s] -- Up-to-date symlink: /home/andy/turtlebot3_ws/install/turtlebot3_msgs/include/turtlebot3_msgs/turtlebot3_msgs/action/detail/patrol__struct.hpp
[1.676s] -- Up-to-date symlink: /home/andy/turtlebot3_ws/install/turtlebot3_msgs/include/turtlebot3_msgs/turtlebot3_msgs/action/detail/patrol__traits.hpp
[1.676s] -- Up-to-date symlink: /home/andy/turtlebot3_ws/install/turtlebot3_msgs/include/turtlebot3_msgs/turtlebot3_msgs/action/detail/patrol__type_support.hpp
[1.677s] -- Up-to-date symlink: /home/andy/turtlebot3_ws/install/turtlebot3_msgs/include/turtlebot3_msgs/turtlebot3_msgs/action/patrol.hpp
[1.677s] -- Up-to-date symlink: /home/andy/turtlebot3_ws/install/turtlebot3_msgs/include/turtlebot3_msgs/turtlebot3_msgs/msg/detail/sensor_state__builder.hpp
[1.677s] -- Up-to-date symlink: /home/andy/turtlebot3_ws/install/turtlebot3_msgs/include/turtlebot3_msgs/turtlebot3_msgs/msg/detail/sensor_state__struct.hpp
[1.680s] -- Up-to-date symlink: /home/andy/turtlebot3_ws/install/turtlebot3_msgs/include/turtlebot3_msgs/turtlebot3_msgs/msg/detail/sensor_state__traits.hpp
[1.681s] -- Up-to-date symlink: /home/andy/turtlebot3_ws/install/turtlebot3_msgs/include/turtlebot3_msgs/turtlebot3_msgs/msg/detail/sensor_state__type_support.hpp
[1.684s] -- Up-to-date symlink: /home/andy/turtlebot3_ws/install/turtlebot3_msgs/include/turtlebot3_msgs/turtlebot3_msgs/msg/detail/sound__builder.hpp
[1.686s] -- Up-to-date symlink: /home/andy/turtlebot3_ws/install/turtlebot3_msgs/include/turtlebot3_msgs/turtlebot3_msgs/msg/detail/sound__struct.hpp
[1.687s] -- Up-to-date symlink: /home/andy/turtlebot3_ws/install/turtlebot3_msgs/include/turtlebot3_msgs/turtlebot3_msgs/msg/detail/sound__traits.hpp
[1.687s] -- Up-to-date symlink: /home/andy/turtlebot3_ws/install/turtlebot3_msgs/include/turtlebot3_msgs/turtlebot3_msgs/msg/detail/sound__type_support.hpp
[1.688s] -- Up-to-date symlink: /home/andy/turtlebot3_ws/install/turtlebot3_msgs/include/turtlebot3_msgs/turtlebot3_msgs/msg/detail/version_info__builder.hpp
[1.688s] -- Up-to-date symlink: /home/andy/turtlebot3_ws/install/turtlebot3_msgs/include/turtlebot3_msgs/turtlebot3_msgs/msg/detail/version_info__struct.hpp
[1.689s] -- Up-to-date symlink: /home/andy/turtlebot3_ws/install/turtlebot3_msgs/include/turtlebot3_msgs/turtlebot3_msgs/msg/detail/version_info__traits.hpp
[1.689s] -- Up-to-date symlink: /home/andy/turtlebot3_ws/install/turtlebot3_msgs/include/turtlebot3_msgs/turtlebot3_msgs/msg/detail/version_info__type_support.hpp
[1.689s] -- Up-to-date symlink: /home/andy/turtlebot3_ws/install/turtlebot3_msgs/include/turtlebot3_msgs/turtlebot3_msgs/msg/rosidl_generator_cpp__visibility_control.hpp
[1.690s] -- Up-to-date symlink: /home/andy/turtlebot3_ws/install/turtlebot3_msgs/include/turtlebot3_msgs/turtlebot3_msgs/msg/sensor_state.hpp
[1.690s] -- Up-to-date symlink: /home/andy/turtlebot3_ws/install/turtlebot3_msgs/include/turtlebot3_msgs/turtlebot3_msgs/msg/sound.hpp
[1.691s] -- Up-to-date symlink: /home/andy/turtlebot3_ws/install/turtlebot3_msgs/include/turtlebot3_msgs/turtlebot3_msgs/msg/version_info.hpp
[1.691s] -- Up-to-date symlink: /home/andy/turtlebot3_ws/install/turtlebot3_msgs/include/turtlebot3_msgs/turtlebot3_msgs/srv/detail/dqn__builder.hpp
[1.692s] -- Up-to-date symlink: /home/andy/turtlebot3_ws/install/turtlebot3_msgs/include/turtlebot3_msgs/turtlebot3_msgs/srv/detail/dqn__struct.hpp
[1.693s] -- Up-to-date symlink: /home/andy/turtlebot3_ws/install/turtlebot3_msgs/include/turtlebot3_msgs/turtlebot3_msgs/srv/detail/dqn__traits.hpp
[1.693s] -- Up-to-date symlink: /home/andy/turtlebot3_ws/install/turtlebot3_msgs/include/turtlebot3_msgs/turtlebot3_msgs/srv/detail/dqn__type_support.hpp
[1.695s] -- Up-to-date symlink: /home/andy/turtlebot3_ws/install/turtlebot3_msgs/include/turtlebot3_msgs/turtlebot3_msgs/srv/detail/goal__builder.hpp
[1.695s] -- Up-to-date symlink: /home/andy/turtlebot3_ws/install/turtlebot3_msgs/include/turtlebot3_msgs/turtlebot3_msgs/srv/detail/goal__struct.hpp
[1.697s] -- Up-to-date symlink: /home/andy/turtlebot3_ws/install/turtlebot3_msgs/include/turtlebot3_msgs/turtlebot3_msgs/srv/detail/goal__traits.hpp
[1.697s] -- Up-to-date symlink: /home/andy/turtlebot3_ws/install/turtlebot3_msgs/include/turtlebot3_msgs/turtlebot3_msgs/srv/detail/goal__type_support.hpp
[1.699s] -- Up-to-date symlink: /home/andy/turtlebot3_ws/install/turtlebot3_msgs/include/turtlebot3_msgs/turtlebot3_msgs/srv/detail/sound__builder.hpp
[1.711s] -- Up-to-date symlink: /home/andy/turtlebot3_ws/install/turtlebot3_msgs/include/turtlebot3_msgs/turtlebot3_msgs/srv/detail/sound__struct.hpp
[1.712s] -- Up-to-date symlink: /home/andy/turtlebot3_ws/install/turtlebot3_msgs/include/turtlebot3_msgs/turtlebot3_msgs/srv/detail/sound__traits.hpp
[1.712s] -- Up-to-date symlink: /home/andy/turtlebot3_ws/install/turtlebot3_msgs/include/turtlebot3_msgs/turtlebot3_msgs/srv/detail/sound__type_support.hpp
[1.712s] -- Up-to-date symlink: /home/andy/turtlebot3_ws/install/turtlebot3_msgs/include/turtlebot3_msgs/turtlebot3_msgs/srv/dqn.hpp
[1.712s] -- Up-to-date symlink: /home/andy/turtlebot3_ws/install/turtlebot3_msgs/include/turtlebot3_msgs/turtlebot3_msgs/srv/goal.hpp
[1.713s] -- Up-to-date symlink: /home/andy/turtlebot3_ws/install/turtlebot3_msgs/include/turtlebot3_msgs/turtlebot3_msgs/srv/sound.hpp
[1.713s] -- Up-to-date symlink: /home/andy/turtlebot3_ws/install/turtlebot3_msgs/include/turtlebot3_msgs/turtlebot3_msgs/action/detail/patrol__rosidl_typesupport_fastrtps_cpp.hpp
[1.714s] -- Up-to-date symlink: /home/andy/turtlebot3_ws/install/turtlebot3_msgs/include/turtlebot3_msgs/turtlebot3_msgs/msg/detail/sensor_state__rosidl_typesupport_fastrtps_cpp.hpp
[1.716s] -- Up-to-date symlink: /home/andy/turtlebot3_ws/install/turtlebot3_msgs/include/turtlebot3_msgs/turtlebot3_msgs/msg/detail/sound__rosidl_typesupport_fastrtps_cpp.hpp
[1.717s] -- Up-to-date symlink: /home/andy/turtlebot3_ws/install/turtlebot3_msgs/include/turtlebot3_msgs/turtlebot3_msgs/msg/detail/version_info__rosidl_typesupport_fastrtps_cpp.hpp
[1.717s] -- Up-to-date symlink: /home/andy/turtlebot3_ws/install/turtlebot3_msgs/include/turtlebot3_msgs/turtlebot3_msgs/msg/rosidl_typesupport_fastrtps_cpp__visibility_control.h
[1.717s] -- Up-to-date symlink: /home/andy/turtlebot3_ws/install/turtlebot3_msgs/include/turtlebot3_msgs/turtlebot3_msgs/srv/detail/dqn__rosidl_typesupport_fastrtps_cpp.hpp
[1.724s] -- Up-to-date symlink: /home/andy/turtlebot3_ws/install/turtlebot3_msgs/include/turtlebot3_msgs/turtlebot3_msgs/srv/detail/goal__rosidl_typesupport_fastrtps_cpp.hpp
[1.724s] -- Up-to-date symlink: /home/andy/turtlebot3_ws/install/turtlebot3_msgs/include/turtlebot3_msgs/turtlebot3_msgs/srv/detail/sound__rosidl_typesupport_fastrtps_cpp.hpp
[1.724s] -- Up-to-date symlink: /home/andy/turtlebot3_ws/install/turtlebot3_msgs/include/turtlebot3_msgs/turtlebot3_msgs/action/detail/patrol__rosidl_typesupport_introspection_c.h
[1.725s] -- Up-to-date symlink: /home/andy/turtlebot3_ws/install/turtlebot3_msgs/include/turtlebot3_msgs/turtlebot3_msgs/msg/detail/sensor_state__rosidl_typesupport_introspection_c.h
[1.725s] -- Up-to-date symlink: /home/andy/turtlebot3_ws/install/turtlebot3_msgs/include/turtlebot3_msgs/turtlebot3_msgs/msg/detail/sound__rosidl_typesupport_introspection_c.h
[1.726s] -- Up-to-date symlink: /home/andy/turtlebot3_ws/install/turtlebot3_msgs/include/turtlebot3_msgs/turtlebot3_msgs/msg/detail/version_info__rosidl_typesupport_introspection_c.h
[1.726s] -- Up-to-date symlink: /home/andy/turtlebot3_ws/install/turtlebot3_msgs/include/turtlebot3_msgs/turtlebot3_msgs/msg/rosidl_typesupport_introspection_c__visibility_control.h
[1.726s] -- Up-to-date symlink: /home/andy/turtlebot3_ws/install/turtlebot3_msgs/include/turtlebot3_msgs/turtlebot3_msgs/srv/detail/dqn__rosidl_typesupport_introspection_c.h
[1.727s] -- Up-to-date symlink: /home/andy/turtlebot3_ws/install/turtlebot3_msgs/include/turtlebot3_msgs/turtlebot3_msgs/srv/detail/goal__rosidl_typesupport_introspection_c.h
[1.730s] -- Up-to-date symlink: /home/andy/turtlebot3_ws/install/turtlebot3_msgs/include/turtlebot3_msgs/turtlebot3_msgs/srv/detail/sound__rosidl_typesupport_introspection_c.h
[1.734s] -- Up-to-date symlink: /home/andy/turtlebot3_ws/install/turtlebot3_msgs/include/turtlebot3_msgs/turtlebot3_msgs/action/detail/patrol__rosidl_typesupport_introspection_cpp.hpp
[1.734s] -- Up-to-date symlink: /home/andy/turtlebot3_ws/install/turtlebot3_msgs/include/turtlebot3_msgs/turtlebot3_msgs/msg/detail/sensor_state__rosidl_typesupport_introspection_cpp.hpp
[1.735s] -- Up-to-date symlink: /home/andy/turtlebot3_ws/install/turtlebot3_msgs/include/turtlebot3_msgs/turtlebot3_msgs/msg/detail/sound__rosidl_typesupport_introspection_cpp.hpp
[1.739s] -- Up-to-date symlink: /home/andy/turtlebot3_ws/install/turtlebot3_msgs/include/turtlebot3_msgs/turtlebot3_msgs/msg/detail/version_info__rosidl_typesupport_introspection_cpp.hpp
[1.739s] -- Up-to-date symlink: /home/andy/turtlebot3_ws/install/turtlebot3_msgs/include/turtlebot3_msgs/turtlebot3_msgs/srv/detail/dqn__rosidl_typesupport_introspection_cpp.hpp
[1.744s] -- Up-to-date symlink: /home/andy/turtlebot3_ws/install/turtlebot3_msgs/include/turtlebot3_msgs/turtlebot3_msgs/srv/detail/goal__rosidl_typesupport_introspection_cpp.hpp
[1.744s] -- Up-to-date symlink: /home/andy/turtlebot3_ws/install/turtlebot3_msgs/include/turtlebot3_msgs/turtlebot3_msgs/srv/detail/sound__rosidl_typesupport_introspection_cpp.hpp
[1.744s] -- Up-to-date symlink: /home/andy/turtlebot3_ws/install/turtlebot3_msgs/share/turtlebot3_msgs/environment/pythonpath.sh
[1.744s] -- Up-to-date symlink: /home/andy/turtlebot3_ws/install/turtlebot3_msgs/share/turtlebot3_msgs/environment/pythonpath.dsv
[1.748s] -- Up-to-date symlink: /home/andy/turtlebot3_ws/install/turtlebot3_msgs/local/lib/python3.10/dist-packages/turtlebot3_msgs-2.4.0-py3.10.egg-info/PKG-INFO
[1.748s] -- Up-to-date symlink: /home/andy/turtlebot3_ws/install/turtlebot3_msgs/local/lib/python3.10/dist-packages/turtlebot3_msgs-2.4.0-py3.10.egg-info/SOURCES.txt
[1.748s] -- Up-to-date symlink: /home/andy/turtlebot3_ws/install/turtlebot3_msgs/local/lib/python3.10/dist-packages/turtlebot3_msgs-2.4.0-py3.10.egg-info/dependency_links.txt
[1.748s] -- Up-to-date symlink: /home/andy/turtlebot3_ws/install/turtlebot3_msgs/local/lib/python3.10/dist-packages/turtlebot3_msgs-2.4.0-py3.10.egg-info/top_level.txt
[1.752s] -- Up-to-date symlink: /home/andy/turtlebot3_ws/install/turtlebot3_msgs/local/lib/python3.10/dist-packages/turtlebot3_msgs/__init__.py
[1.752s] -- Up-to-date symlink: /home/andy/turtlebot3_ws/install/turtlebot3_msgs/local/lib/python3.10/dist-packages/turtlebot3_msgs/_turtlebot3_msgs_s.ep.rosidl_typesupport_c.c
[1.752s] -- Up-to-date symlink: /home/andy/turtlebot3_ws/install/turtlebot3_msgs/local/lib/python3.10/dist-packages/turtlebot3_msgs/_turtlebot3_msgs_s.ep.rosidl_typesupport_fastrtps_c.c
[1.752s] -- Up-to-date symlink: /home/andy/turtlebot3_ws/install/turtlebot3_msgs/local/lib/python3.10/dist-packages/turtlebot3_msgs/_turtlebot3_msgs_s.ep.rosidl_typesupport_introspection_c.c
[1.753s] -- Up-to-date symlink: /home/andy/turtlebot3_ws/install/turtlebot3_msgs/local/lib/python3.10/dist-packages/turtlebot3_msgs/action/__init__.py
[1.753s] -- Up-to-date symlink: /home/andy/turtlebot3_ws/install/turtlebot3_msgs/local/lib/python3.10/dist-packages/turtlebot3_msgs/action/_patrol.py
[1.753s] -- Up-to-date symlink: /home/andy/turtlebot3_ws/install/turtlebot3_msgs/local/lib/python3.10/dist-packages/turtlebot3_msgs/action/_patrol_s.c
[1.753s] -- Up-to-date symlink: /home/andy/turtlebot3_ws/install/turtlebot3_msgs/local/lib/python3.10/dist-packages/turtlebot3_msgs/libturtlebot3_msgs__rosidl_generator_py.so
[1.753s] -- Up-to-date symlink: /home/andy/turtlebot3_ws/install/turtlebot3_msgs/local/lib/python3.10/dist-packages/turtlebot3_msgs/msg/__init__.py
[1.753s] -- Up-to-date symlink: /home/andy/turtlebot3_ws/install/turtlebot3_msgs/local/lib/python3.10/dist-packages/turtlebot3_msgs/msg/_sensor_state.py
[1.754s] -- Up-to-date symlink: /home/andy/turtlebot3_ws/install/turtlebot3_msgs/local/lib/python3.10/dist-packages/turtlebot3_msgs/msg/_sensor_state_s.c
[1.756s] -- Up-to-date symlink: /home/andy/turtlebot3_ws/install/turtlebot3_msgs/local/lib/python3.10/dist-packages/turtlebot3_msgs/msg/_sound.py
[1.756s] -- Up-to-date symlink: /home/andy/turtlebot3_ws/install/turtlebot3_msgs/local/lib/python3.10/dist-packages/turtlebot3_msgs/msg/_sound_s.c
[1.756s] -- Up-to-date symlink: /home/andy/turtlebot3_ws/install/turtlebot3_msgs/local/lib/python3.10/dist-packages/turtlebot3_msgs/msg/_version_info.py
[1.757s] -- Up-to-date symlink: /home/andy/turtlebot3_ws/install/turtlebot3_msgs/local/lib/python3.10/dist-packages/turtlebot3_msgs/msg/_version_info_s.c
[1.757s] -- Up-to-date symlink: /home/andy/turtlebot3_ws/install/turtlebot3_msgs/local/lib/python3.10/dist-packages/turtlebot3_msgs/srv/__init__.py
[1.757s] -- Up-to-date symlink: /home/andy/turtlebot3_ws/install/turtlebot3_msgs/local/lib/python3.10/dist-packages/turtlebot3_msgs/srv/_dqn.py
[1.758s] -- Up-to-date symlink: /home/andy/turtlebot3_ws/install/turtlebot3_msgs/local/lib/python3.10/dist-packages/turtlebot3_msgs/srv/_dqn_s.c
[1.758s] -- Up-to-date symlink: /home/andy/turtlebot3_ws/install/turtlebot3_msgs/local/lib/python3.10/dist-packages/turtlebot3_msgs/srv/_goal.py
[1.758s] -- Up-to-date symlink: /home/andy/turtlebot3_ws/install/turtlebot3_msgs/local/lib/python3.10/dist-packages/turtlebot3_msgs/srv/_goal_s.c
[1.758s] -- Up-to-date symlink: /home/andy/turtlebot3_ws/install/turtlebot3_msgs/local/lib/python3.10/dist-packages/turtlebot3_msgs/srv/_sound.py
[1.758s] -- Up-to-date symlink: /home/andy/turtlebot3_ws/install/turtlebot3_msgs/local/lib/python3.10/dist-packages/turtlebot3_msgs/srv/_sound_s.c
[1.758s] -- Up-to-date symlink: /home/andy/turtlebot3_ws/install/turtlebot3_msgs/local/lib/python3.10/dist-packages/turtlebot3_msgs/turtlebot3_msgs_s__rosidl_typesupport_c.cpython-310-x86_64-linux-gnu.so
[1.758s] -- Up-to-date symlink: /home/andy/turtlebot3_ws/install/turtlebot3_msgs/local/lib/python3.10/dist-packages/turtlebot3_msgs/turtlebot3_msgs_s__rosidl_typesupport_fastrtps_c.cpython-310-x86_64-linux-gnu.so
[1.759s] -- Up-to-date symlink: /home/andy/turtlebot3_ws/install/turtlebot3_msgs/local/lib/python3.10/dist-packages/turtlebot3_msgs/turtlebot3_msgs_s__rosidl_typesupport_introspection_c.cpython-310-x86_64-linux-gnu.so
[1.759s] -- Up-to-date symlink: /home/andy/turtlebot3_ws/install/turtlebot3_msgs/local/lib/python3.10/dist-packages/turtlebot3_msgs/turtlebot3_msgs_s__rosidl_typesupport_fastrtps_c.cpython-310-x86_64-linux-gnu.so
[1.759s] -- Up-to-date symlink: /home/andy/turtlebot3_ws/install/turtlebot3_msgs/local/lib/python3.10/dist-packages/turtlebot3_msgs/turtlebot3_msgs_s__rosidl_typesupport_introspection_c.cpython-310-x86_64-linux-gnu.so
[1.764s] -- Up-to-date symlink: /home/andy/turtlebot3_ws/install/turtlebot3_msgs/local/lib/python3.10/dist-packages/turtlebot3_msgs/turtlebot3_msgs_s__rosidl_typesupport_c.cpython-310-x86_64-linux-gnu.so
[1.764s] -- Up-to-date symlink: /home/andy/turtlebot3_ws/install/turtlebot3_msgs/share/turtlebot3_msgs/msg/SensorState.idl
[1.764s] -- Up-to-date symlink: /home/andy/turtlebot3_ws/install/turtlebot3_msgs/share/turtlebot3_msgs/msg/Sound.idl
[1.765s] -- Up-to-date symlink: /home/andy/turtlebot3_ws/install/turtlebot3_msgs/share/turtlebot3_msgs/msg/VersionInfo.idl
[1.765s] -- Up-to-date symlink: /home/andy/turtlebot3_ws/install/turtlebot3_msgs/share/turtlebot3_msgs/srv/Sound.idl
[1.766s] -- Up-to-date symlink: /home/andy/turtlebot3_ws/install/turtlebot3_msgs/share/turtlebot3_msgs/srv/Dqn.idl
[1.766s] -- Up-to-date symlink: /home/andy/turtlebot3_ws/install/turtlebot3_msgs/share/turtlebot3_msgs/srv/Goal.idl
[1.766s] -- Up-to-date symlink: /home/andy/turtlebot3_ws/install/turtlebot3_msgs/share/turtlebot3_msgs/action/Patrol.idl
[1.766s] -- Up-to-date symlink: /home/andy/turtlebot3_ws/install/turtlebot3_msgs/share/turtlebot3_msgs/msg/SensorState.msg
[1.767s] -- Up-to-date symlink: /home/andy/turtlebot3_ws/install/turtlebot3_msgs/share/turtlebot3_msgs/msg/Sound.msg
[1.769s] -- Up-to-date symlink: /home/andy/turtlebot3_ws/install/turtlebot3_msgs/share/turtlebot3_msgs/msg/VersionInfo.msg
[1.769s] -- Up-to-date symlink: /home/andy/turtlebot3_ws/install/turtlebot3_msgs/share/turtlebot3_msgs/srv/Sound.srv
[1.770s] -- Up-to-date symlink: /home/andy/turtlebot3_ws/install/turtlebot3_msgs/share/turtlebot3_msgs/srv/Sound_Request.msg
[1.773s] -- Up-to-date symlink: /home/andy/turtlebot3_ws/install/turtlebot3_msgs/share/turtlebot3_msgs/srv/Sound_Response.msg
[1.773s] -- Up-to-date symlink: /home/andy/turtlebot3_ws/install/turtlebot3_msgs/share/turtlebot3_msgs/srv/Dqn.srv
[1.774s] -- Up-to-date symlink: /home/andy/turtlebot3_ws/install/turtlebot3_msgs/share/turtlebot3_msgs/srv/Dqn_Request.msg
[1.775s] -- Up-to-date symlink: /home/andy/turtlebot3_ws/install/turtlebot3_msgs/share/turtlebot3_msgs/srv/Dqn_Response.msg
[1.775s] -- Up-to-date symlink: /home/andy/turtlebot3_ws/install/turtlebot3_msgs/share/turtlebot3_msgs/srv/Goal.srv
[1.776s] -- Up-to-date symlink: /home/andy/turtlebot3_ws/install/turtlebot3_msgs/share/turtlebot3_msgs/srv/Goal_Request.msg
[1.780s] -- Up-to-date symlink: /home/andy/turtlebot3_ws/install/turtlebot3_msgs/share/turtlebot3_msgs/srv/Goal_Response.msg
[1.781s] -- Up-to-date symlink: /home/andy/turtlebot3_ws/install/turtlebot3_msgs/share/turtlebot3_msgs/action/Patrol.action
[1.781s] -- Up-to-date symlink: /home/andy/turtlebot3_ws/install/turtlebot3_msgs/share/ament_index/resource_index/package_run_dependencies/turtlebot3_msgs
[1.781s] -- Up-to-date symlink: /home/andy/turtlebot3_ws/install/turtlebot3_msgs/share/ament_index/resource_index/parent_prefix_path/turtlebot3_msgs
[1.789s] -- Up-to-date symlink: /home/andy/turtlebot3_ws/install/turtlebot3_msgs/share/turtlebot3_msgs/environment/ament_prefix_path.sh
[1.789s] -- Up-to-date symlink: /home/andy/turtlebot3_ws/install/turtlebot3_msgs/share/turtlebot3_msgs/environment/ament_prefix_path.dsv
[1.789s] -- Up-to-date symlink: /home/andy/turtlebot3_ws/install/turtlebot3_msgs/share/turtlebot3_msgs/environment/path.sh
[1.789s] -- Up-to-date symlink: /home/andy/turtlebot3_ws/install/turtlebot3_msgs/share/turtlebot3_msgs/environment/path.dsv
[1.789s] -- Up-to-date symlink: /home/andy/turtlebot3_ws/install/turtlebot3_msgs/share/turtlebot3_msgs/local_setup.bash
[1.790s] -- Up-to-date symlink: /home/andy/turtlebot3_ws/install/turtlebot3_msgs/share/turtlebot3_msgs/local_setup.sh
[1.790s] -- Up-to-date symlink: /home/andy/turtlebot3_ws/install/turtlebot3_msgs/share/turtlebot3_msgs/local_setup.zsh
[1.790s] -- Up-to-date symlink: /home/andy/turtlebot3_ws/install/turtlebot3_msgs/share/turtlebot3_msgs/local_setup.dsv
[1.790s] -- Symlinking: /home/andy/turtlebot3_ws/install/turtlebot3_msgs/share/turtlebot3_msgs/package.dsv
[1.795s] -- Up-to-date symlink: /home/andy/turtlebot3_ws/install/turtlebot3_msgs/share/ament_index/resource_index/packages/turtlebot3_msgs
[1.795s] -- Up-to-date symlink: /home/andy/turtlebot3_ws/install/turtlebot3_msgs/share/turtlebot3_msgs/cmake/rosidl_cmake-extras.cmake
[1.795s] -- Up-to-date symlink: /home/andy/turtlebot3_ws/install/turtlebot3_msgs/share/turtlebot3_msgs/cmake/ament_cmake_export_dependencies-extras.cmake
[1.795s] -- Up-to-date symlink: /home/andy/turtlebot3_ws/install/turtlebot3_msgs/share/turtlebot3_msgs/cmake/ament_cmake_export_include_directories-extras.cmake
[1.796s] -- Up-to-date symlink: /home/andy/turtlebot3_ws/install/turtlebot3_msgs/share/turtlebot3_msgs/cmake/ament_cmake_export_libraries-extras.cmake
[1.796s] -- Up-to-date symlink: /home/andy/turtlebot3_ws/install/turtlebot3_msgs/share/turtlebot3_msgs/cmake/ament_cmake_export_targets-extras.cmake
[1.796s] -- Up-to-date symlink: /home/andy/turtlebot3_ws/install/turtlebot3_msgs/share/turtlebot3_msgs/cmake/rosidl_cmake_export_typesupport_targets-extras.cmake
[1.796s] -- Up-to-date symlink: /home/andy/turtlebot3_ws/install/turtlebot3_msgs/share/turtlebot3_msgs/cmake/rosidl_cmake_export_typesupport_libraries-extras.cmake
[1.796s] -- Up-to-date symlink: /home/andy/turtlebot3_ws/install/turtlebot3_msgs/share/turtlebot3_msgs/cmake/turtlebot3_msgsConfig.cmake
[1.796s] -- Up-to-date symlink: /home/andy/turtlebot3_ws/install/turtlebot3_msgs/share/turtlebot3_msgs/cmake/turtlebot3_msgsConfig-version.cmake
[1.797s] -- Up-to-date symlink: /home/andy/turtlebot3_ws/install/turtlebot3_msgs/share/turtlebot3_msgs/package.xml
[1.797s] -- Up-to-date: /home/andy/turtlebot3_ws/install/turtlebot3_msgs/lib/libturtlebot3_msgs__rosidl_generator_c.so
[1.797s] -- Up-to-date: /home/andy/turtlebot3_ws/install/turtlebot3_msgs/lib/libturtlebot3_msgs__rosidl_typesupport_fastrtps_c.so
[1.797s] -- Up-to-date: /home/andy/turtlebot3_ws/install/turtlebot3_msgs/lib/libturtlebot3_msgs__rosidl_typesupport_fastrtps_cpp.so
[1.797s] -- Up-to-date: /home/andy/turtlebot3_ws/install/turtlebot3_msgs/lib/libturtlebot3_msgs__rosidl_typesupport_introspection_c.so
[1.797s] -- Up-to-date: /home/andy/turtlebot3_ws/install/turtlebot3_msgs/lib/libturtlebot3_msgs__rosidl_typesupport_c.so
[1.797s] -- Up-to-date: /home/andy/turtlebot3_ws/install/turtlebot3_msgs/lib/libturtlebot3_msgs__rosidl_typesupport_introspection_cpp.so
[1.798s] -- Up-to-date: /home/andy/turtlebot3_ws/install/turtlebot3_msgs/lib/libturtlebot3_msgs__rosidl_typesupport_cpp.so
[1.883s] Listing '/home/andy/turtlebot3_ws/install/turtlebot3_msgs/local/lib/python3.10/dist-packages/turtlebot3_msgs'...
[1.883s] Listing '/home/andy/turtlebot3_ws/install/turtlebot3_msgs/local/lib/python3.10/dist-packages/turtlebot3_msgs/action'...
[1.883s] Listing '/home/andy/turtlebot3_ws/install/turtlebot3_msgs/local/lib/python3.10/dist-packages/turtlebot3_msgs/msg'...
[1.883s] Listing '/home/andy/turtlebot3_ws/install/turtlebot3_msgs/local/lib/python3.10/dist-packages/turtlebot3_msgs/srv'...
[1.910s] -- Up-to-date: /home/andy/turtlebot3_ws/install/turtlebot3_msgs/lib/libturtlebot3_msgs__rosidl_generator_py.so
[1.914s] -- Up-to-date: /home/andy/turtlebot3_ws/install/turtlebot3_msgs/share/turtlebot3_msgs/cmake/export_turtlebot3_msgs__rosidl_generator_cExport.cmake
[1.922s] -- Up-to-date: /home/andy/turtlebot3_ws/install/turtlebot3_msgs/share/turtlebot3_msgs/cmake/export_turtlebot3_msgs__rosidl_generator_cExport-noconfig.cmake
[1.924s] -- Up-to-date: /home/andy/turtlebot3_ws/install/turtlebot3_msgs/share/turtlebot3_msgs/cmake/export_turtlebot3_msgs__rosidl_typesupport_fastrtps_cExport.cmake
[1.924s] -- Up-to-date: /home/andy/turtlebot3_ws/install/turtlebot3_msgs/share/turtlebot3_msgs/cmake/export_turtlebot3_msgs__rosidl_typesupport_fastrtps_cExport-noconfig.cmake
[1.924s] -- Up-to-date: /home/andy/turtlebot3_ws/install/turtlebot3_msgs/share/turtlebot3_msgs/cmake/export_turtlebot3_msgs__rosidl_generator_cppExport.cmake
[1.924s] -- Up-to-date: /home/andy/turtlebot3_ws/install/turtlebot3_msgs/share/turtlebot3_msgs/cmake/export_turtlebot3_msgs__rosidl_typesupport_fastrtps_cppExport.cmake
[1.925s] -- Up-to-date: /home/andy/turtlebot3_ws/install/turtlebot3_msgs/share/turtlebot3_msgs/cmake/export_turtlebot3_msgs__rosidl_typesupport_fastrtps_cppExport-noconfig.cmake
[1.930s] -- Up-to-date: /home/andy/turtlebot3_ws/install/turtlebot3_msgs/share/turtlebot3_msgs/cmake/turtlebot3_msgs__rosidl_typesupport_introspection_cExport.cmake
[1.931s] -- Up-to-date: /home/andy/turtlebot3_ws/install/turtlebot3_msgs/share/turtlebot3_msgs/cmake/turtlebot3_msgs__rosidl_typesupport_introspection_cExport-noconfig.cmake
[1.932s] -- Up-to-date: /home/andy/turtlebot3_ws/install/turtlebot3_msgs/share/turtlebot3_msgs/cmake/turtlebot3_msgs__rosidl_typesupport_cExport.cmake
[1.933s] -- Up-to-date: /home/andy/turtlebot3_ws/install/turtlebot3_msgs/share/turtlebot3_msgs/cmake/turtlebot3_msgs__rosidl_typesupport_cExport-noconfig.cmake
[1.935s] -- Up-to-date: /home/andy/turtlebot3_ws/install/turtlebot3_msgs/share/turtlebot3_msgs/cmake/turtlebot3_msgs__rosidl_typesupport_introspection_cppExport.cmake
[1.936s] -- Up-to-date: /home/andy/turtlebot3_ws/install/turtlebot3_msgs/share/turtlebot3_msgs/cmake/turtlebot3_msgs__rosidl_typesupport_introspection_cppExport-noconfig.cmake
[1.936s] -- Up-to-date: /home/andy/turtlebot3_ws/install/turtlebot3_msgs/share/turtlebot3_msgs/cmake/turtlebot3_msgs__rosidl_typesupport_cppExport.cmake
[1.936s] -- Up-to-date: /home/andy/turtlebot3_ws/install/turtlebot3_msgs/share/turtlebot3_msgs/cmake/turtlebot3_msgs__rosidl_typesupport_cppExport-noconfig.cmake
[1.936s] -- Up-to-date: /home/andy/turtlebot3_ws/install/turtlebot3_msgs/share/turtlebot3_msgs/cmake/export_turtlebot3_msgs__rosidl_generator_pyExport.cmake
[1.938s] -- Up-to-date: /home/andy/turtlebot3_ws/install/turtlebot3_msgs/share/turtlebot3_msgs/cmake/export_turtlebot3_msgs__rosidl_generator_pyExport-noconfig.cmake
[2.104s] Invoked command in '/home/andy/turtlebot3_ws/build/turtlebot3_msgs' returned '0': CMAKE_PREFIX_PATH=${CMAKE_PREFIX_PATH}:/home/andy/turtlebot3_ws/install/turtlebot3_teleop:/home/andy/turtlebot3_ws/install/turtlebot3_example:/opt/ros/humble /usr/bin/cmake --install /home/andy/turtlebot3_ws/build/turtlebot3_msgs
