[0.045s] Invoking command in '/home/andy/turtlebot3_ws/build/dynamixel_sdk': CMAKE_PREFIX_PATH=/opt/ros/humble /usr/bin/cmake /home/andy/turtlebot3_ws/src/DynamixelSDK/ros/dynamixel_sdk -DAMENT_CMAKE_SYMLINK_INSTALL=1 -DCMAKE_INSTALL_PREFIX=/home/andy/turtlebot3_ws/install/dynamixel_sdk
[0.235s] -- The C compiler identification is GNU 11.4.0
[0.421s] -- The CXX compiler identification is GNU 11.4.0
[0.437s] -- Detecting C compiler ABI info
[0.594s] -- Detecting C compiler ABI info - done
[0.621s] -- Check for working C compiler: /usr/bin/cc - skipped
[0.621s] -- Detecting C compile features
[0.625s] -- Detecting C compile features - done
[0.635s] -- Detecting CXX compiler ABI info
[0.807s] -- Detecting CXX compiler ABI info - done
[0.828s] -- Check for working CXX compiler: /usr/bin/c++ - skipped
[0.831s] -- Detecting CXX compile features
[0.832s] -- Detecting CXX compile features - done
[0.846s] -- Found ament_cmake: 1.3.11 (/opt/ros/humble/share/ament_cmake/cmake)
[1.818s] -- Found Python3: /usr/bin/python3 (found version "3.10.12") found components: Interpreter 
[1.978s] -- Override CMake install command with custom implementation using symlinks instead of copying resources
[2.572s] -- Configuring done
[2.594s] -- Generating done
[2.600s] -- Build files have been written to: /home/andy/turtlebot3_ws/build/dynamixel_sdk
[2.608s] Invoked command in '/home/andy/turtlebot3_ws/build/dynamixel_sdk' returned '0': CMAKE_PREFIX_PATH=/opt/ros/humble /usr/bin/cmake /home/andy/turtlebot3_ws/src/DynamixelSDK/ros/dynamixel_sdk -DAMENT_CMAKE_SYMLINK_INSTALL=1 -DCMAKE_INSTALL_PREFIX=/home/andy/turtlebot3_ws/install/dynamixel_sdk
[2.611s] Invoking command in '/home/andy/turtlebot3_ws/build/dynamixel_sdk': CMAKE_PREFIX_PATH=/opt/ros/humble /usr/bin/cmake --build /home/andy/turtlebot3_ws/build/dynamixel_sdk -- -j8 -l8
[2.707s] [ 15%] [32mBuilding CXX object CMakeFiles/dynamixel_sdk.dir/src/dynamixel_sdk/protocol1_packet_handler.cpp.o[0m
[2.712s] [ 15%] [32mBuilding CXX object CMakeFiles/dynamixel_sdk.dir/src/dynamixel_sdk/packet_handler.cpp.o[0m
[2.721s] [ 23%] [32mBuilding CXX object CMakeFiles/dynamixel_sdk.dir/src/dynamixel_sdk/protocol2_packet_handler.cpp.o[0m
[2.723s] [ 30%] [32mBuilding CXX object CMakeFiles/dynamixel_sdk.dir/src/dynamixel_sdk/group_bulk_read.cpp.o[0m
[2.723s] [ 38%] [32mBuilding CXX object CMakeFiles/dynamixel_sdk.dir/src/dynamixel_sdk/group_bulk_write.cpp.o[0m
[2.725s] [ 46%] [32mBuilding CXX object CMakeFiles/dynamixel_sdk.dir/src/dynamixel_sdk/group_sync_read.cpp.o[0m
[2.725s] [ 53%] [32mBuilding CXX object CMakeFiles/dynamixel_sdk.dir/src/dynamixel_sdk/group_sync_write.cpp.o[0m
[2.741s] [ 53%] Built target ament_cmake_python_symlink_dynamixel_sdk
[3.208s] [ 61%] [32mBuilding CXX object CMakeFiles/dynamixel_sdk.dir/src/dynamixel_sdk/group_fast_bulk_read.cpp.o[0m
[3.352s] running egg_info
[3.405s] creating dynamixel_sdk.egg-info
[3.405s] writing dynamixel_sdk.egg-info/PKG-INFO
[3.407s] writing dependency_links to dynamixel_sdk.egg-info/dependency_links.txt
[3.407s] writing top-level names to dynamixel_sdk.egg-info/top_level.txt
[3.407s] writing manifest file 'dynamixel_sdk.egg-info/SOURCES.txt'
[3.448s] [ 69%] [32mBuilding CXX object CMakeFiles/dynamixel_sdk.dir/src/dynamixel_sdk/group_fast_sync_read.cpp.o[0m
[3.552s] reading manifest file 'dynamixel_sdk.egg-info/SOURCES.txt'
[3.555s] writing manifest file 'dynamixel_sdk.egg-info/SOURCES.txt'
[3.640s] [ 69%] Built target ament_cmake_python_build_dynamixel_sdk_egg
[3.653s] [ 76%] [32mBuilding CXX object CMakeFiles/dynamixel_sdk.dir/src/dynamixel_sdk/group_handler.cpp.o[0m
[3.658s] [ 84%] [32mBuilding CXX object CMakeFiles/dynamixel_sdk.dir/src/dynamixel_sdk/port_handler.cpp.o[0m
[3.773s] [ 92%] [32mBuilding CXX object CMakeFiles/dynamixel_sdk.dir/src/dynamixel_sdk/port_handler_linux.cpp.o[0m
[4.264s] [100%] [32m[1mLinking CXX shared library libdynamixel_sdk.so[0m
[4.407s] [100%] Built target dynamixel_sdk
