[0.698s] Invoking command in '/home/andy/turtlebot3_ws/build/turtlebot3_node': CMAKE_PREFIX_PATH=/home/andy/turtlebot3_ws/install/turtlebot3_msgs:/home/andy/turtlebot3_ws/install/dynamixel_sdk:/home/andy/turtlebot3_ws/install/turtlebot3:/home/andy/turtlebot3_ws/install/turtlebot3_simulations:/home/andy/turtlebot3_ws/install/turtlebot3_bringup:/home/andy/turtlebot3_ws/install/turtlebot3_node:/home/andy/turtlebot3_ws/install/turtlebot3_navigation2:/home/andy/turtlebot3_ws/install/turtlebot3_fake_node:/home/andy/turtlebot3_ws/install/turtlebot3_manipulation_gazebo:/home/andy/turtlebot3_ws/install/turtlebot3_gazebo:/home/andy/turtlebot3_ws/install/turtlebot3_description:/home/andy/turtlebot3_ws/install/turtlebot3_cartographer:/home/andy/turtlebot3_ws/install/dynamixel_sdk_examples:/home/andy/turtlebot3_ws/install/dynamixel_sdk_custom_interfaces:/home/andy/turtlebot3_ws/install/turtlebot3_teleop:/home/andy/turtlebot3_ws/install/turtlebot3_example:/opt/ros/humble LD_LIBRARY_PATH=/home/andy/turtlebot3_ws/install/turtlebot3_msgs/lib:/home/andy/turtlebot3_ws/install/dynamixel_sdk/lib:/home/andy/turtlebot3_ws/install/dynamixel_sdk_custom_interfaces/lib:/usr/lib/x86_64-linux-gnu/gazebo-11/plugins:/opt/ros/humble/opt/rviz_ogre_vendor/lib:/opt/ros/humble/lib/x86_64-linux-gnu:/opt/ros/humble/lib:/usr/lib/x86_64-linux-gnu/gazebo-11/plugins /usr/bin/cmake --build /home/andy/turtlebot3_ws/build/turtlebot3_node -- -j8 -l8
[0.880s] [ 85%] Built target turtlebot3_node_lib
[0.949s] [100%] Built target turtlebot3_ros
[1.773s] Invoked command in '/home/andy/turtlebot3_ws/build/turtlebot3_node' returned '0': CMAKE_PREFIX_PATH=/home/andy/turtlebot3_ws/install/turtlebot3_msgs:/home/andy/turtlebot3_ws/install/dynamixel_sdk:/home/andy/turtlebot3_ws/install/turtlebot3:/home/andy/turtlebot3_ws/install/turtlebot3_simulations:/home/andy/turtlebot3_ws/install/turtlebot3_bringup:/home/andy/turtlebot3_ws/install/turtlebot3_node:/home/andy/turtlebot3_ws/install/turtlebot3_navigation2:/home/andy/turtlebot3_ws/install/turtlebot3_fake_node:/home/andy/turtlebot3_ws/install/turtlebot3_manipulation_gazebo:/home/andy/turtlebot3_ws/install/turtlebot3_gazebo:/home/andy/turtlebot3_ws/install/turtlebot3_description:/home/andy/turtlebot3_ws/install/turtlebot3_cartographer:/home/andy/turtlebot3_ws/install/dynamixel_sdk_examples:/home/andy/turtlebot3_ws/install/dynamixel_sdk_custom_interfaces:/home/andy/turtlebot3_ws/install/turtlebot3_teleop:/home/andy/turtlebot3_ws/install/turtlebot3_example:/opt/ros/humble LD_LIBRARY_PATH=/home/andy/turtlebot3_ws/install/turtlebot3_msgs/lib:/home/andy/turtlebot3_ws/install/dynamixel_sdk/lib:/home/andy/turtlebot3_ws/install/dynamixel_sdk_custom_interfaces/lib:/usr/lib/x86_64-linux-gnu/gazebo-11/plugins:/opt/ros/humble/opt/rviz_ogre_vendor/lib:/opt/ros/humble/lib/x86_64-linux-gnu:/opt/ros/humble/lib:/usr/lib/x86_64-linux-gnu/gazebo-11/plugins /usr/bin/cmake --build /home/andy/turtlebot3_ws/build/turtlebot3_node -- -j8 -l8
[1.778s] Invoking command in '/home/andy/turtlebot3_ws/build/turtlebot3_node': CMAKE_PREFIX_PATH=/home/andy/turtlebot3_ws/install/turtlebot3_msgs:/home/andy/turtlebot3_ws/install/dynamixel_sdk:/home/andy/turtlebot3_ws/install/turtlebot3:/home/andy/turtlebot3_ws/install/turtlebot3_simulations:/home/andy/turtlebot3_ws/install/turtlebot3_bringup:/home/andy/turtlebot3_ws/install/turtlebot3_node:/home/andy/turtlebot3_ws/install/turtlebot3_navigation2:/home/andy/turtlebot3_ws/install/turtlebot3_fake_node:/home/andy/turtlebot3_ws/install/turtlebot3_manipulation_gazebo:/home/andy/turtlebot3_ws/install/turtlebot3_gazebo:/home/andy/turtlebot3_ws/install/turtlebot3_description:/home/andy/turtlebot3_ws/install/turtlebot3_cartographer:/home/andy/turtlebot3_ws/install/dynamixel_sdk_examples:/home/andy/turtlebot3_ws/install/dynamixel_sdk_custom_interfaces:/home/andy/turtlebot3_ws/install/turtlebot3_teleop:/home/andy/turtlebot3_ws/install/turtlebot3_example:/opt/ros/humble LD_LIBRARY_PATH=/home/andy/turtlebot3_ws/install/turtlebot3_msgs/lib:/home/andy/turtlebot3_ws/install/dynamixel_sdk/lib:/home/andy/turtlebot3_ws/install/dynamixel_sdk_custom_interfaces/lib:/usr/lib/x86_64-linux-gnu/gazebo-11/plugins:/opt/ros/humble/opt/rviz_ogre_vendor/lib:/opt/ros/humble/lib/x86_64-linux-gnu:/opt/ros/humble/lib:/usr/lib/x86_64-linux-gnu/gazebo-11/plugins /usr/bin/cmake --install /home/andy/turtlebot3_ws/build/turtlebot3_node
[1.829s] -- Install configuration: ""
[1.829s] -- Execute custom install script
[1.829s] -- Up-to-date symlink: /home/andy/turtlebot3_ws/install/turtlebot3_node/share/turtlebot3_node/param/burger.yaml
[1.830s] -- Up-to-date symlink: /home/andy/turtlebot3_ws/install/turtlebot3_node/share/turtlebot3_node/param/waffle.yaml
[1.830s] -- Up-to-date symlink: /home/andy/turtlebot3_ws/install/turtlebot3_node/share/turtlebot3_node/param/waffle_pi.yaml
[1.830s] -- Up-to-date symlink: /home/andy/turtlebot3_ws/install/turtlebot3_node/lib/turtlebot3_node/turtlebot3_ros
[1.830s] -- Up-to-date symlink: /home/andy/turtlebot3_ws/install/turtlebot3_node/share/ament_index/resource_index/package_run_dependencies/turtlebot3_node
[1.830s] -- Up-to-date symlink: /home/andy/turtlebot3_ws/install/turtlebot3_node/share/ament_index/resource_index/parent_prefix_path/turtlebot3_node
[1.830s] -- Up-to-date symlink: /home/andy/turtlebot3_ws/install/turtlebot3_node/share/turtlebot3_node/environment/ament_prefix_path.sh
[1.830s] -- Up-to-date symlink: /home/andy/turtlebot3_ws/install/turtlebot3_node/share/turtlebot3_node/environment/ament_prefix_path.dsv
[1.830s] -- Up-to-date symlink: /home/andy/turtlebot3_ws/install/turtlebot3_node/share/turtlebot3_node/environment/path.sh
[1.830s] -- Up-to-date symlink: /home/andy/turtlebot3_ws/install/turtlebot3_node/share/turtlebot3_node/environment/path.dsv
[1.830s] -- Up-to-date symlink: /home/andy/turtlebot3_ws/install/turtlebot3_node/share/turtlebot3_node/local_setup.bash
[1.831s] -- Up-to-date symlink: /home/andy/turtlebot3_ws/install/turtlebot3_node/share/turtlebot3_node/local_setup.sh
[1.831s] -- Up-to-date symlink: /home/andy/turtlebot3_ws/install/turtlebot3_node/share/turtlebot3_node/local_setup.zsh
[1.831s] -- Up-to-date symlink: /home/andy/turtlebot3_ws/install/turtlebot3_node/share/turtlebot3_node/local_setup.dsv
[1.831s] -- Symlinking: /home/andy/turtlebot3_ws/install/turtlebot3_node/share/turtlebot3_node/package.dsv
[1.831s] -- Up-to-date symlink: /home/andy/turtlebot3_ws/install/turtlebot3_node/share/ament_index/resource_index/packages/turtlebot3_node
[1.831s] -- Up-to-date symlink: /home/andy/turtlebot3_ws/install/turtlebot3_node/share/turtlebot3_node/cmake/ament_cmake_export_dependencies-extras.cmake
[1.832s] -- Up-to-date symlink: /home/andy/turtlebot3_ws/install/turtlebot3_node/share/turtlebot3_node/cmake/ament_cmake_export_include_directories-extras.cmake
[1.832s] -- Up-to-date symlink: /home/andy/turtlebot3_ws/install/turtlebot3_node/share/turtlebot3_node/cmake/turtlebot3_nodeConfig.cmake
[1.832s] -- Up-to-date symlink: /home/andy/turtlebot3_ws/install/turtlebot3_node/share/turtlebot3_node/cmake/turtlebot3_nodeConfig-version.cmake
[1.832s] -- Up-to-date symlink: /home/andy/turtlebot3_ws/install/turtlebot3_node/share/turtlebot3_node/package.xml
[1.842s] Invoked command in '/home/andy/turtlebot3_ws/build/turtlebot3_node' returned '0': CMAKE_PREFIX_PATH=/home/andy/turtlebot3_ws/install/turtlebot3_msgs:/home/andy/turtlebot3_ws/install/dynamixel_sdk:/home/andy/turtlebot3_ws/install/turtlebot3:/home/andy/turtlebot3_ws/install/turtlebot3_simulations:/home/andy/turtlebot3_ws/install/turtlebot3_bringup:/home/andy/turtlebot3_ws/install/turtlebot3_node:/home/andy/turtlebot3_ws/install/turtlebot3_navigation2:/home/andy/turtlebot3_ws/install/turtlebot3_fake_node:/home/andy/turtlebot3_ws/install/turtlebot3_manipulation_gazebo:/home/andy/turtlebot3_ws/install/turtlebot3_gazebo:/home/andy/turtlebot3_ws/install/turtlebot3_description:/home/andy/turtlebot3_ws/install/turtlebot3_cartographer:/home/andy/turtlebot3_ws/install/dynamixel_sdk_examples:/home/andy/turtlebot3_ws/install/dynamixel_sdk_custom_interfaces:/home/andy/turtlebot3_ws/install/turtlebot3_teleop:/home/andy/turtlebot3_ws/install/turtlebot3_example:/opt/ros/humble LD_LIBRARY_PATH=/home/andy/turtlebot3_ws/install/turtlebot3_msgs/lib:/home/andy/turtlebot3_ws/install/dynamixel_sdk/lib:/home/andy/turtlebot3_ws/install/dynamixel_sdk_custom_interfaces/lib:/usr/lib/x86_64-linux-gnu/gazebo-11/plugins:/opt/ros/humble/opt/rviz_ogre_vendor/lib:/opt/ros/humble/lib/x86_64-linux-gnu:/opt/ros/humble/lib:/usr/lib/x86_64-linux-gnu/gazebo-11/plugins /usr/bin/cmake --install /home/andy/turtlebot3_ws/build/turtlebot3_node
