[0.185s] Invoking command in '/home/andy/turtlebot3_ws/build/turtlebot3_cartographer': CMAKE_PREFIX_PATH=${CMAKE_PREFIX_PATH}:/opt/ros/humble /usr/bin/cmake --build /home/andy/turtlebot3_ws/build/turtlebot3_cartographer -- -j8 -l8
[0.517s] Invoked command in '/home/andy/turtlebot3_ws/build/turtlebot3_cartographer' returned '0': CMAKE_PREFIX_PATH=${CMAKE_PREFIX_PATH}:/opt/ros/humble /usr/bin/cmake --build /home/andy/turtlebot3_ws/build/turtlebot3_cartographer -- -j8 -l8
[0.547s] Invoking command in '/home/andy/turtlebot3_ws/build/turtlebot3_cartographer': CMAKE_PREFIX_PATH=${CMAKE_PREFIX_PATH}:/opt/ros/humble /usr/bin/cmake --install /home/andy/turtlebot3_ws/build/turtlebot3_cartographer
[0.796s] -- Install configuration: ""
[0.796s] -- Execute custom install script
[0.796s] -- Up-to-date symlink: /home/andy/turtlebot3_ws/install/turtlebot3_cartographer/share/turtlebot3_cartographer/config/turtlebot3_lds_2d.lua
[0.797s] -- Up-to-date symlink: /home/andy/turtlebot3_ws/install/turtlebot3_cartographer/share/turtlebot3_cartographer/launch/cartographer.launch.py
[0.797s] -- Up-to-date symlink: /home/andy/turtlebot3_ws/install/turtlebot3_cartographer/share/turtlebot3_cartographer/launch/occupancy_grid.launch.py
[0.797s] -- Up-to-date symlink: /home/andy/turtlebot3_ws/install/turtlebot3_cartographer/share/turtlebot3_cartographer/rviz/tb3_cartographer.rviz
[0.799s] -- Up-to-date symlink: /home/andy/turtlebot3_ws/install/turtlebot3_cartographer/share/ament_index/resource_index/package_run_dependencies/turtlebot3_cartographer
[0.801s] -- Up-to-date symlink: /home/andy/turtlebot3_ws/install/turtlebot3_cartographer/share/ament_index/resource_index/parent_prefix_path/turtlebot3_cartographer
[0.801s] -- Up-to-date symlink: /home/andy/turtlebot3_ws/install/turtlebot3_cartographer/share/turtlebot3_cartographer/environment/ament_prefix_path.sh
[0.802s] -- Up-to-date symlink: /home/andy/turtlebot3_ws/install/turtlebot3_cartographer/share/turtlebot3_cartographer/environment/ament_prefix_path.dsv
[0.802s] -- Up-to-date symlink: /home/andy/turtlebot3_ws/install/turtlebot3_cartographer/share/turtlebot3_cartographer/environment/path.sh
[0.802s] -- Up-to-date symlink: /home/andy/turtlebot3_ws/install/turtlebot3_cartographer/share/turtlebot3_cartographer/environment/path.dsv
[0.802s] -- Up-to-date symlink: /home/andy/turtlebot3_ws/install/turtlebot3_cartographer/share/turtlebot3_cartographer/local_setup.bash
[0.803s] -- Up-to-date symlink: /home/andy/turtlebot3_ws/install/turtlebot3_cartographer/share/turtlebot3_cartographer/local_setup.sh
[0.803s] -- Up-to-date symlink: /home/andy/turtlebot3_ws/install/turtlebot3_cartographer/share/turtlebot3_cartographer/local_setup.zsh
[0.803s] -- Up-to-date symlink: /home/andy/turtlebot3_ws/install/turtlebot3_cartographer/share/turtlebot3_cartographer/local_setup.dsv
[0.813s] -- Symlinking: /home/andy/turtlebot3_ws/install/turtlebot3_cartographer/share/turtlebot3_cartographer/package.dsv
[1.099s] -- Up-to-date symlink: /home/andy/turtlebot3_ws/install/turtlebot3_cartographer/share/ament_index/resource_index/packages/turtlebot3_cartographer
[1.116s] -- Up-to-date symlink: /home/andy/turtlebot3_ws/install/turtlebot3_cartographer/share/turtlebot3_cartographer/cmake/turtlebot3_cartographerConfig.cmake
[1.117s] -- Up-to-date symlink: /home/andy/turtlebot3_ws/install/turtlebot3_cartographer/share/turtlebot3_cartographer/cmake/turtlebot3_cartographerConfig-version.cmake
[1.118s] -- Up-to-date symlink: /home/andy/turtlebot3_ws/install/turtlebot3_cartographer/share/turtlebot3_cartographer/package.xml
[1.547s] Invoked command in '/home/andy/turtlebot3_ws/build/turtlebot3_cartographer' returned '0': CMAKE_PREFIX_PATH=${CMAKE_PREFIX_PATH}:/opt/ros/humble /usr/bin/cmake --install /home/andy/turtlebot3_ws/build/turtlebot3_cartographer
