[0.166s] Invoking command in '/home/andy/turtlebot3_ws/build/dynamixel_sdk': CMAKE_PREFIX_PATH=${CMAKE_PREFIX_PATH}:/opt/ros/humble /usr/bin/cmake --build /home/andy/turtlebot3_ws/build/dynamixel_sdk -- -j8 -l8
[0.569s] [100%] Built target dynamixel_sdk
[0.621s] [100%] Built target ament_cmake_python_symlink_dynamixel_sdk
[3.682s] running egg_info
[3.806s] writing dynamixel_sdk.egg-info/PKG-INFO
[3.807s] writing dependency_links to dynamixel_sdk.egg-info/dependency_links.txt
[3.807s] writing top-level names to dynamixel_sdk.egg-info/top_level.txt
[4.261s] reading manifest file 'dynamixel_sdk.egg-info/SOURCES.txt'
[4.277s] writing manifest file 'dynamixel_sdk.egg-info/SOURCES.txt'
[4.635s] [100%] Built target ament_cmake_python_build_dynamixel_sdk_egg
[4.756s] Invoked command in '/home/andy/turtlebot3_ws/build/dynamixel_sdk' returned '0': CMAKE_PREFIX_PATH=${CMAKE_PREFIX_PATH}:/opt/ros/humble /usr/bin/cmake --build /home/andy/turtlebot3_ws/build/dynamixel_sdk -- -j8 -l8
[4.772s] Invoking command in '/home/andy/turtlebot3_ws/build/dynamixel_sdk': CMAKE_PREFIX_PATH=${CMAKE_PREFIX_PATH}:/opt/ros/humble /usr/bin/cmake --install /home/andy/turtlebot3_ws/build/dynamixel_sdk
[4.826s] -- Install configuration: ""
[4.831s] -- Execute custom install script
[4.841s] -- Up-to-date symlink: /home/andy/turtlebot3_ws/install/dynamixel_sdk/include//dynamixel_sdk/dynamixel_sdk.h
[4.846s] -- Up-to-date symlink: /home/andy/turtlebot3_ws/install/dynamixel_sdk/include//dynamixel_sdk/group_bulk_read.h
[4.847s] -- Up-to-date symlink: /home/andy/turtlebot3_ws/install/dynamixel_sdk/include//dynamixel_sdk/group_bulk_write.h
[4.848s] -- Up-to-date symlink: /home/andy/turtlebot3_ws/install/dynamixel_sdk/include//dynamixel_sdk/group_fast_bulk_read.h
[4.849s] -- Up-to-date symlink: /home/andy/turtlebot3_ws/install/dynamixel_sdk/include//dynamixel_sdk/group_fast_sync_read.h
[4.871s] -- Up-to-date symlink: /home/andy/turtlebot3_ws/install/dynamixel_sdk/include//dynamixel_sdk/group_handler.h
[4.872s] -- Up-to-date symlink: /home/andy/turtlebot3_ws/install/dynamixel_sdk/include//dynamixel_sdk/group_sync_read.h
[4.872s] -- Up-to-date symlink: /home/andy/turtlebot3_ws/install/dynamixel_sdk/include//dynamixel_sdk/group_sync_write.h
[4.872s] -- Up-to-date symlink: /home/andy/turtlebot3_ws/install/dynamixel_sdk/include//dynamixel_sdk/packet_handler.h
[4.873s] -- Up-to-date symlink: /home/andy/turtlebot3_ws/install/dynamixel_sdk/include//dynamixel_sdk/port_handler.h
[4.873s] -- Up-to-date symlink: /home/andy/turtlebot3_ws/install/dynamixel_sdk/include//dynamixel_sdk/port_handler_arduino.h
[4.873s] -- Up-to-date symlink: /home/andy/turtlebot3_ws/install/dynamixel_sdk/include//dynamixel_sdk/port_handler_linux.h
[4.873s] -- Up-to-date symlink: /home/andy/turtlebot3_ws/install/dynamixel_sdk/include//dynamixel_sdk/port_handler_mac.h
[4.880s] -- Up-to-date symlink: /home/andy/turtlebot3_ws/install/dynamixel_sdk/include//dynamixel_sdk/port_handler_windows.h
[4.884s] -- Up-to-date symlink: /home/andy/turtlebot3_ws/install/dynamixel_sdk/include//dynamixel_sdk/protocol1_packet_handler.h
[4.885s] -- Up-to-date symlink: /home/andy/turtlebot3_ws/install/dynamixel_sdk/include//dynamixel_sdk/protocol2_packet_handler.h
[4.889s] -- Up-to-date symlink: /home/andy/turtlebot3_ws/install/dynamixel_sdk/share/dynamixel_sdk/environment/pythonpath.sh
[4.890s] -- Up-to-date symlink: /home/andy/turtlebot3_ws/install/dynamixel_sdk/share/dynamixel_sdk/environment/pythonpath.dsv
[4.892s] -- Up-to-date symlink: /home/andy/turtlebot3_ws/install/dynamixel_sdk/local/lib/python3.10/dist-packages/dynamixel_sdk-3.8.4-py3.10.egg-info/PKG-INFO
[4.893s] -- Up-to-date symlink: /home/andy/turtlebot3_ws/install/dynamixel_sdk/local/lib/python3.10/dist-packages/dynamixel_sdk-3.8.4-py3.10.egg-info/SOURCES.txt
[4.899s] -- Up-to-date symlink: /home/andy/turtlebot3_ws/install/dynamixel_sdk/local/lib/python3.10/dist-packages/dynamixel_sdk-3.8.4-py3.10.egg-info/dependency_links.txt
[4.902s] -- Up-to-date symlink: /home/andy/turtlebot3_ws/install/dynamixel_sdk/local/lib/python3.10/dist-packages/dynamixel_sdk-3.8.4-py3.10.egg-info/top_level.txt
[4.907s] -- Up-to-date symlink: /home/andy/turtlebot3_ws/install/dynamixel_sdk/local/lib/python3.10/dist-packages/dynamixel_sdk/__init__.py
[4.907s] -- Up-to-date symlink: /home/andy/turtlebot3_ws/install/dynamixel_sdk/local/lib/python3.10/dist-packages/dynamixel_sdk/group_bulk_read.cpp
[4.909s] -- Up-to-date symlink: /home/andy/turtlebot3_ws/install/dynamixel_sdk/local/lib/python3.10/dist-packages/dynamixel_sdk/group_bulk_read.py
[4.911s] -- Up-to-date symlink: /home/andy/turtlebot3_ws/install/dynamixel_sdk/local/lib/python3.10/dist-packages/dynamixel_sdk/group_bulk_write.cpp
[4.914s] -- Up-to-date symlink: /home/andy/turtlebot3_ws/install/dynamixel_sdk/local/lib/python3.10/dist-packages/dynamixel_sdk/group_bulk_write.py
[4.916s] -- Up-to-date symlink: /home/andy/turtlebot3_ws/install/dynamixel_sdk/local/lib/python3.10/dist-packages/dynamixel_sdk/group_fast_bulk_read.cpp
[4.917s] -- Up-to-date symlink: /home/andy/turtlebot3_ws/install/dynamixel_sdk/local/lib/python3.10/dist-packages/dynamixel_sdk/group_fast_sync_read.cpp
[4.918s] -- Up-to-date symlink: /home/andy/turtlebot3_ws/install/dynamixel_sdk/local/lib/python3.10/dist-packages/dynamixel_sdk/group_handler.cpp
[4.923s] -- Up-to-date symlink: /home/andy/turtlebot3_ws/install/dynamixel_sdk/local/lib/python3.10/dist-packages/dynamixel_sdk/group_sync_read.cpp
[4.941s] -- Up-to-date symlink: /home/andy/turtlebot3_ws/install/dynamixel_sdk/local/lib/python3.10/dist-packages/dynamixel_sdk/group_sync_read.py
[4.947s] -- Up-to-date symlink: /home/andy/turtlebot3_ws/install/dynamixel_sdk/local/lib/python3.10/dist-packages/dynamixel_sdk/group_sync_write.cpp
[4.963s] -- Up-to-date symlink: /home/andy/turtlebot3_ws/install/dynamixel_sdk/local/lib/python3.10/dist-packages/dynamixel_sdk/group_sync_write.py
[4.969s] -- Up-to-date symlink: /home/andy/turtlebot3_ws/install/dynamixel_sdk/local/lib/python3.10/dist-packages/dynamixel_sdk/packet_handler.cpp
[4.970s] -- Up-to-date symlink: /home/andy/turtlebot3_ws/install/dynamixel_sdk/local/lib/python3.10/dist-packages/dynamixel_sdk/packet_handler.py
[4.971s] -- Up-to-date symlink: /home/andy/turtlebot3_ws/install/dynamixel_sdk/local/lib/python3.10/dist-packages/dynamixel_sdk/port_handler.cpp
[4.971s] -- Up-to-date symlink: /home/andy/turtlebot3_ws/install/dynamixel_sdk/local/lib/python3.10/dist-packages/dynamixel_sdk/port_handler.py
[4.972s] -- Up-to-date symlink: /home/andy/turtlebot3_ws/install/dynamixel_sdk/local/lib/python3.10/dist-packages/dynamixel_sdk/port_handler_arduino.cpp
[4.972s] -- Up-to-date symlink: /home/andy/turtlebot3_ws/install/dynamixel_sdk/local/lib/python3.10/dist-packages/dynamixel_sdk/port_handler_linux.cpp
[4.972s] -- Up-to-date symlink: /home/andy/turtlebot3_ws/install/dynamixel_sdk/local/lib/python3.10/dist-packages/dynamixel_sdk/port_handler_mac.cpp
[4.980s] -- Up-to-date symlink: /home/andy/turtlebot3_ws/install/dynamixel_sdk/local/lib/python3.10/dist-packages/dynamixel_sdk/port_handler_windows.cpp
[4.984s] -- Up-to-date symlink: /home/andy/turtlebot3_ws/install/dynamixel_sdk/local/lib/python3.10/dist-packages/dynamixel_sdk/protocol1_packet_handler.cpp
[4.988s] -- Up-to-date symlink: /home/andy/turtlebot3_ws/install/dynamixel_sdk/local/lib/python3.10/dist-packages/dynamixel_sdk/protocol1_packet_handler.py
[4.989s] -- Up-to-date symlink: /home/andy/turtlebot3_ws/install/dynamixel_sdk/local/lib/python3.10/dist-packages/dynamixel_sdk/protocol2_packet_handler.cpp
[4.989s] -- Up-to-date symlink: /home/andy/turtlebot3_ws/install/dynamixel_sdk/local/lib/python3.10/dist-packages/dynamixel_sdk/protocol2_packet_handler.py
[4.990s] -- Up-to-date symlink: /home/andy/turtlebot3_ws/install/dynamixel_sdk/local/lib/python3.10/dist-packages/dynamixel_sdk/robotis_def.py
[4.993s] -- Up-to-date symlink: /home/andy/turtlebot3_ws/install/dynamixel_sdk/share/dynamixel_sdk/environment/library_path.sh
[4.997s] -- Up-to-date symlink: /home/andy/turtlebot3_ws/install/dynamixel_sdk/share/dynamixel_sdk/environment/library_path.dsv
[4.998s] -- Up-to-date symlink: /home/andy/turtlebot3_ws/install/dynamixel_sdk/share/ament_index/resource_index/package_run_dependencies/dynamixel_sdk
[5.000s] -- Up-to-date symlink: /home/andy/turtlebot3_ws/install/dynamixel_sdk/share/ament_index/resource_index/parent_prefix_path/dynamixel_sdk
[5.002s] -- Up-to-date symlink: /home/andy/turtlebot3_ws/install/dynamixel_sdk/share/dynamixel_sdk/environment/ament_prefix_path.sh
[5.011s] -- Up-to-date symlink: /home/andy/turtlebot3_ws/install/dynamixel_sdk/share/dynamixel_sdk/environment/ament_prefix_path.dsv
[5.013s] -- Up-to-date symlink: /home/andy/turtlebot3_ws/install/dynamixel_sdk/share/dynamixel_sdk/environment/path.sh
[5.016s] -- Up-to-date symlink: /home/andy/turtlebot3_ws/install/dynamixel_sdk/share/dynamixel_sdk/environment/path.dsv
[5.027s] -- Up-to-date symlink: /home/andy/turtlebot3_ws/install/dynamixel_sdk/share/dynamixel_sdk/local_setup.bash
[5.029s] -- Up-to-date symlink: /home/andy/turtlebot3_ws/install/dynamixel_sdk/share/dynamixel_sdk/local_setup.sh
[5.056s] -- Up-to-date symlink: /home/andy/turtlebot3_ws/install/dynamixel_sdk/share/dynamixel_sdk/local_setup.zsh
[5.058s] -- Up-to-date symlink: /home/andy/turtlebot3_ws/install/dynamixel_sdk/share/dynamixel_sdk/local_setup.dsv
[5.059s] -- Symlinking: /home/andy/turtlebot3_ws/install/dynamixel_sdk/share/dynamixel_sdk/package.dsv
[5.125s] -- Up-to-date symlink: /home/andy/turtlebot3_ws/install/dynamixel_sdk/share/ament_index/resource_index/packages/dynamixel_sdk
[5.132s] -- Up-to-date symlink: /home/andy/turtlebot3_ws/install/dynamixel_sdk/share/dynamixel_sdk/cmake/ament_cmake_export_targets-extras.cmake
[5.134s] -- Up-to-date symlink: /home/andy/turtlebot3_ws/install/dynamixel_sdk/share/dynamixel_sdk/cmake/ament_cmake_export_include_directories-extras.cmake
[5.135s] -- Up-to-date symlink: /home/andy/turtlebot3_ws/install/dynamixel_sdk/share/dynamixel_sdk/cmake/ament_cmake_export_libraries-extras.cmake
[5.140s] -- Up-to-date symlink: /home/andy/turtlebot3_ws/install/dynamixel_sdk/share/dynamixel_sdk/cmake/dynamixel_sdkConfig.cmake
[5.148s] -- Up-to-date symlink: /home/andy/turtlebot3_ws/install/dynamixel_sdk/share/dynamixel_sdk/cmake/dynamixel_sdkConfig-version.cmake
[5.153s] -- Up-to-date symlink: /home/andy/turtlebot3_ws/install/dynamixel_sdk/share/dynamixel_sdk/package.xml
[5.154s] -- Up-to-date: /home/andy/turtlebot3_ws/install/dynamixel_sdk/lib/libdynamixel_sdk.so
[5.221s] Listing '/home/andy/turtlebot3_ws/install/dynamixel_sdk/local/lib/python3.10/dist-packages/dynamixel_sdk'...
[5.269s] -- Up-to-date: /home/andy/turtlebot3_ws/install/dynamixel_sdk/share/dynamixel_sdk/cmake/dynamixel_sdkExport.cmake
[5.270s] -- Up-to-date: /home/andy/turtlebot3_ws/install/dynamixel_sdk/share/dynamixel_sdk/cmake/dynamixel_sdkExport-noconfig.cmake
[5.299s] Invoked command in '/home/andy/turtlebot3_ws/build/dynamixel_sdk' returned '0': CMAKE_PREFIX_PATH=${CMAKE_PREFIX_PATH}:/opt/ros/humble /usr/bin/cmake --install /home/andy/turtlebot3_ws/build/dynamixel_sdk
