[0.127s] Invoking command in '/home/andy/turtlebot3_ws/build/turtlebot3_node': AMENT_PREFIX_PATH=/home/andy/turtlebot3_ws/install/turtlebot3_msgs:${AMENT_PREFIX_PATH} CMAKE_PREFIX_PATH=/home/andy/turtlebot3_ws/install/turtlebot3_msgs:/home/andy/turtlebot3_ws/install/dynamixel_sdk:/home/andy/turtlebot3_ws/install/turtlebot3_navigation2:/home/andy/turtlebot3_ws/install/turtlebot3_manipulation_gazebo:/home/andy/turtlebot3_ws/install/turtlebot3_description:/home/andy/turtlebot3_ws/install/turtlebot3_cartographer:/opt/ros/humble LD_LIBRARY_PATH=/home/andy/turtlebot3_ws/install/turtlebot3_msgs/lib:/home/andy/turtlebot3_ws/install/dynamixel_sdk/lib:/usr/lib/x86_64-linux-gnu/gazebo-11/plugins:/opt/ros/humble/opt/rviz_ogre_vendor/lib:/opt/ros/humble/lib/x86_64-linux-gnu:/opt/ros/humble/lib:/usr/lib/x86_64-linux-gnu/gazebo-11/plugins PYTHONPATH=/home/andy/turtlebot3_ws/install/turtlebot3_msgs/local/lib/python3.10/dist-packages:${PYTHONPATH} /usr/bin/cmake /home/andy/turtlebot3_ws/src/turtlebot3/turtlebot3_node -DAMENT_CMAKE_SYMLINK_INSTALL=1 -DCMAKE_INSTALL_PREFIX=/home/andy/turtlebot3_ws/install/turtlebot3_node
[1.264s] -- The C compiler identification is GNU 11.4.0
[1.265s] -- The CXX compiler identification is GNU 11.4.0
[1.265s] -- Detecting C compiler ABI info
[1.266s] -- Detecting C compiler ABI info - done
[1.284s] -- Check for working C compiler: /usr/bin/cc - skipped
[1.284s] -- Detecting C compile features
[1.284s] -- Detecting C compile features - done
[1.284s] -- Detecting CXX compiler ABI info
[1.629s] -- Detecting CXX compiler ABI info - done
[1.709s] -- Check for working CXX compiler: /usr/bin/c++ - skipped
[1.709s] -- Detecting CXX compile features
[1.711s] -- Detecting CXX compile features - done
[1.718s] -- Found ament_cmake: 1.3.11 (/opt/ros/humble/share/ament_cmake/cmake)
[3.155s] -- Found Python3: /usr/bin/python3 (found version "3.10.12") found components: Interpreter 
[3.597s] -- Override CMake install command with custom implementation using symlinks instead of copying resources
[3.732s] -- Found dynamixel_sdk: 3.8.4 (/home/andy/turtlebot3_ws/install/dynamixel_sdk/share/dynamixel_sdk/cmake)
[3.746s] -- Found geometry_msgs: 4.8.0 (/opt/ros/humble/share/geometry_msgs/cmake)
[3.950s] -- Found rosidl_generator_c: 3.1.6 (/opt/ros/humble/share/rosidl_generator_c/cmake)
[3.979s] -- Found rosidl_adapter: 3.1.6 (/opt/ros/humble/share/rosidl_adapter/cmake)
[4.034s] -- Found rosidl_generator_cpp: 3.1.6 (/opt/ros/humble/share/rosidl_generator_cpp/cmake)
[4.109s] -- Using all available rosidl_typesupport_c: rosidl_typesupport_fastrtps_c;rosidl_typesupport_introspection_c
[4.170s] -- Using all available rosidl_typesupport_cpp: rosidl_typesupport_fastrtps_cpp;rosidl_typesupport_introspection_cpp
[4.393s] -- Found message_filters: 4.3.7 (/opt/ros/humble/share/message_filters/cmake)
[4.574s] -- Found rmw_implementation_cmake: 6.1.2 (/opt/ros/humble/share/rmw_implementation_cmake/cmake)
[4.582s] -- Found rmw_fastrtps_cpp: 6.2.7 (/opt/ros/humble/share/rmw_fastrtps_cpp/cmake)
[5.010s] -- Found OpenSSL: /usr/lib/x86_64-linux-gnu/libcrypto.so (found version "3.0.2")  
[5.129s] -- Found FastRTPS: /opt/ros/humble/include  
[5.266s] -- Using RMW implementation 'rmw_fastrtps_cpp' as default
[5.340s] -- Looking for pthread.h
[5.615s] -- Looking for pthread.h - found
[5.616s] -- Performing Test CMAKE_HAVE_LIBC_PTHREAD
[5.980s] -- Performing Test CMAKE_HAVE_LIBC_PTHREAD - Success
[5.989s] -- Found Threads: TRUE  
[6.276s] -- Found nav_msgs: 4.8.0 (/opt/ros/humble/share/nav_msgs/cmake)
[6.368s] -- Found sensor_msgs: 4.8.0 (/opt/ros/humble/share/sensor_msgs/cmake)
[6.466s] -- Found std_srvs: 4.8.0 (/opt/ros/humble/share/std_srvs/cmake)
[6.547s] -- Found tf2: 0.25.12 (/opt/ros/humble/share/tf2/cmake)
[6.578s] -- Found tf2_ros: 0.25.12 (/opt/ros/humble/share/tf2_ros/cmake)
[7.054s] -- Found turtlebot3_msgs: 2.4.0 (/home/andy/turtlebot3_ws/install/turtlebot3_msgs/share/turtlebot3_msgs/cmake)
[7.585s] -- Configuring done
[7.691s] -- Generating done
[7.738s] -- Build files have been written to: /home/andy/turtlebot3_ws/build/turtlebot3_node
