[4.204s] Invoking command in '/home/andy/turtlebot3_ws/build/turtlebot3_example': CMAKE_PREFIX_PATH=/home/andy/turtlebot3_ws/install/turtlebot3_msgs:/home/andy/turtlebot3_ws/install/turtlebot3_navigation2:/home/andy/turtlebot3_ws/install/turtlebot3_manipulation_gazebo:/home/andy/turtlebot3_ws/install/turtlebot3_description:/home/andy/turtlebot3_ws/install/turtlebot3_cartographer:/home/andy/turtlebot3_ws/install/dynamixel_sdk_custom_interfaces:/home/andy/turtlebot3_ws/install/dynamixel_sdk LD_LIBRARY_PATH=/home/andy/turtlebot3_ws/install/turtlebot3_msgs/lib:/home/andy/turtlebot3_ws/install/dynamixel_sdk_custom_interfaces/lib:/home/andy/turtlebot3_ws/install/dynamixel_sdk/lib:/usr/lib/x86_64-linux-gnu/gazebo-11/plugins:/opt/ros/humble/opt/rviz_ogre_vendor/lib:/opt/ros/humble/lib/x86_64-linux-gnu:/opt/ros/humble/lib:/usr/lib/x86_64-linux-gnu/gazebo-11/plugins PYTHONPATH=/home/andy/turtlebot3_ws/build/turtlebot3_example/prefix_override:/usr/lib/python3/dist-packages/colcon_core/task/python/colcon_distutils_commands:/home/andy/turtlebot3_ws/install/turtlebot3_example/lib/python3.10/site-packages:${PYTHONPATH} /usr/bin/python3 -W ignore:setup.py install is deprecated -W ignore:easy_install command is deprecated setup.py develop --editable --build-directory /home/andy/turtlebot3_ws/build/turtlebot3_example/build --no-deps symlink_data
[6.900s] /home/andy/.local/lib/python3.10/site-packages/setuptools/_distutils/dist.py:289: UserWarning: Unknown distribution option: 'tests_require'
[6.900s]   warnings.warn(msg)
[7.777s] /home/andy/.local/lib/python3.10/site-packages/setuptools/dist.py:759: SetuptoolsDeprecationWarning: License classifiers are deprecated.
[7.779s] !!
[7.785s] 
[7.787s]         ********************************************************************************
[7.792s]         Please consider removing the following classifiers in favor of a SPDX license expression:
[7.793s] 
[7.793s]         License :: OSI Approved :: Apache Software License
[7.793s] 
[7.793s]         See https://packaging.python.org/en/latest/guides/writing-pyproject-toml/#license for details.
[7.794s]         ********************************************************************************
[7.794s] 
[7.794s] !!
[7.794s]   self._finalize_license_expression()
[8.164s] usage: setup.py [global_opts] cmd1 [cmd1_opts] [cmd2 [cmd2_opts] ...]
[8.165s]    or: setup.py --help [cmd1 cmd2 ...]
[8.165s]    or: setup.py --help-commands
[8.165s]    or: setup.py cmd --help
[8.165s] 
[8.166s] error: option --editable not recognized
