[4.888s] Invoking command in '/home/andy/turtlebot3_ws/build/turtlebot3_example': CMAKE_PREFIX_PATH=/home/andy/turtlebot3_ws/install/turtlebot3_msgs:/home/andy/turtlebot3_ws/install/turtlebot3:/home/andy/turtlebot3_ws/install/turtlebot3_simulations:/home/andy/turtlebot3_ws/install/turtlebot3_bringup:/home/andy/turtlebot3_ws/install/turtlebot3_node:/home/andy/turtlebot3_ws/install/turtlebot3_navigation2:/home/andy/turtlebot3_ws/install/turtlebot3_fake_node:/home/andy/turtlebot3_ws/install/turtlebot3_manipulation_gazebo:/home/andy/turtlebot3_ws/install/turtlebot3_gazebo:/home/andy/turtlebot3_ws/install/turtlebot3_description:/home/andy/turtlebot3_ws/install/turtlebot3_cartographer:/home/andy/turtlebot3_ws/install/turtlebot3_autorace:/home/andy/turtlebot3_ws/install/dynamixel_sdk_examples:/home/andy/turtlebot3_ws/install/dynamixel_sdk_custom_interfaces:/home/andy/turtlebot3_ws/install/dynamixel_sdk LD_LIBRARY_PATH=/home/andy/turtlebot3_ws/install/turtlebot3_msgs/lib:/home/andy/turtlebot3_ws/install/dynamixel_sdk_custom_interfaces/lib:/home/andy/turtlebot3_ws/install/dynamixel_sdk/lib:/usr/lib/x86_64-linux-gnu/gazebo-11/plugins:/opt/ros/humble/opt/rviz_ogre_vendor/lib:/opt/ros/humble/lib/x86_64-linux-gnu:/opt/ros/humble/lib:/usr/lib/x86_64-linux-gnu/gazebo-11/plugins PYTHONPATH=/home/andy/turtlebot3_ws/build/turtlebot3_example/prefix_override:/usr/lib/python3/dist-packages/colcon_core/task/python/colcon_distutils_commands:/home/andy/turtlebot3_ws/install/turtlebot3_example/lib/python3.10/site-packages:${PYTHONPATH} /usr/bin/python3 -W ignore:setup.py install is deprecated -W ignore:easy_install command is deprecated setup.py develop --editable --build-directory /home/andy/turtlebot3_ws/build/turtlebot3_example/build --no-deps symlink_data
[5.350s] running develop
[5.633s] running egg_info
[5.633s] writing turtlebot3_example.egg-info/PKG-INFO
[5.633s] writing dependency_links to turtlebot3_example.egg-info/dependency_links.txt
[5.634s] writing entry points to turtlebot3_example.egg-info/entry_points.txt
[5.634s] writing requirements to turtlebot3_example.egg-info/requires.txt
[5.634s] writing top-level names to turtlebot3_example.egg-info/top_level.txt
[5.637s] reading manifest file 'turtlebot3_example.egg-info/SOURCES.txt'
[5.638s] writing manifest file 'turtlebot3_example.egg-info/SOURCES.txt'
[5.640s] running build_ext
[5.640s] Creating /home/andy/turtlebot3_ws/install/turtlebot3_example/lib/python3.10/site-packages/turtlebot3-example.egg-link (link to .)
[5.641s] Installing turtlebot3_absolute_move script to /home/andy/turtlebot3_ws/install/turtlebot3_example/lib/turtlebot3_example
[5.642s] Installing turtlebot3_interactive_marker script to /home/andy/turtlebot3_ws/install/turtlebot3_example/lib/turtlebot3_example
[5.642s] Installing turtlebot3_obstacle_detection script to /home/andy/turtlebot3_ws/install/turtlebot3_example/lib/turtlebot3_example
[5.642s] Installing turtlebot3_patrol_client script to /home/andy/turtlebot3_ws/install/turtlebot3_example/lib/turtlebot3_example
[5.642s] Installing turtlebot3_patrol_server script to /home/andy/turtlebot3_ws/install/turtlebot3_example/lib/turtlebot3_example
[5.643s] Installing turtlebot3_relative_move script to /home/andy/turtlebot3_ws/install/turtlebot3_example/lib/turtlebot3_example
[5.643s] 
[5.643s] Installed /home/andy/turtlebot3_ws/build/turtlebot3_example
[5.643s] running symlink_data
[5.672s] Invoked command in '/home/andy/turtlebot3_ws/build/turtlebot3_example' returned '0': CMAKE_PREFIX_PATH=/home/andy/turtlebot3_ws/install/turtlebot3_msgs:/home/andy/turtlebot3_ws/install/turtlebot3:/home/andy/turtlebot3_ws/install/turtlebot3_simulations:/home/andy/turtlebot3_ws/install/turtlebot3_bringup:/home/andy/turtlebot3_ws/install/turtlebot3_node:/home/andy/turtlebot3_ws/install/turtlebot3_navigation2:/home/andy/turtlebot3_ws/install/turtlebot3_fake_node:/home/andy/turtlebot3_ws/install/turtlebot3_manipulation_gazebo:/home/andy/turtlebot3_ws/install/turtlebot3_gazebo:/home/andy/turtlebot3_ws/install/turtlebot3_description:/home/andy/turtlebot3_ws/install/turtlebot3_cartographer:/home/andy/turtlebot3_ws/install/turtlebot3_autorace:/home/andy/turtlebot3_ws/install/dynamixel_sdk_examples:/home/andy/turtlebot3_ws/install/dynamixel_sdk_custom_interfaces:/home/andy/turtlebot3_ws/install/dynamixel_sdk LD_LIBRARY_PATH=/home/andy/turtlebot3_ws/install/turtlebot3_msgs/lib:/home/andy/turtlebot3_ws/install/dynamixel_sdk_custom_interfaces/lib:/home/andy/turtlebot3_ws/install/dynamixel_sdk/lib:/usr/lib/x86_64-linux-gnu/gazebo-11/plugins:/opt/ros/humble/opt/rviz_ogre_vendor/lib:/opt/ros/humble/lib/x86_64-linux-gnu:/opt/ros/humble/lib:/usr/lib/x86_64-linux-gnu/gazebo-11/plugins PYTHONPATH=/home/andy/turtlebot3_ws/build/turtlebot3_example/prefix_override:/usr/lib/python3/dist-packages/colcon_core/task/python/colcon_distutils_commands:/home/andy/turtlebot3_ws/install/turtlebot3_example/lib/python3.10/site-packages:${PYTHONPATH} /usr/bin/python3 -W ignore:setup.py install is deprecated -W ignore:easy_install command is deprecated setup.py develop --editable --build-directory /home/andy/turtlebot3_ws/build/turtlebot3_example/build --no-deps symlink_data
