[4.832s] Invoking command in '/home/andy/turtlebot3_ws/build/turtlebot3_teleop': PYTHONPATH=/home/andy/turtlebot3_ws/build/turtlebot3_teleop/prefix_override:/usr/lib/python3/dist-packages/colcon_core/task/python/colcon_distutils_commands:/home/andy/turtlebot3_ws/install/turtlebot3_teleop/lib/python3.10/site-packages:${PYTHONPATH} /usr/bin/python3 -W ignore:setup.py install is deprecated -W ignore:easy_install command is deprecated setup.py develop --editable --build-directory /home/andy/turtlebot3_ws/build/turtlebot3_teleop/build --no-deps symlink_data
[6.450s] running develop
[7.315s] running egg_info
[7.315s] creating turtlebot3_teleop.egg-info
[7.315s] writing turtlebot3_teleop.egg-info/PKG-INFO
[7.315s] writing dependency_links to turtlebot3_teleop.egg-info/dependency_links.txt
[7.315s] writing entry points to turtlebot3_teleop.egg-info/entry_points.txt
[7.315s] writing requirements to turtlebot3_teleop.egg-info/requires.txt
[7.316s] writing top-level names to turtlebot3_teleop.egg-info/top_level.txt
[7.316s] writing manifest file 'turtlebot3_teleop.egg-info/SOURCES.txt'
[7.329s] reading manifest file 'turtlebot3_teleop.egg-info/SOURCES.txt'
[7.330s] writing manifest file 'turtlebot3_teleop.egg-info/SOURCES.txt'
[7.333s] running build_ext
[7.336s] Creating /home/andy/turtlebot3_ws/install/turtlebot3_teleop/lib/python3.10/site-packages/turtlebot3-teleop.egg-link (link to .)
[7.342s] Installing teleop_keyboard script to /home/andy/turtlebot3_ws/install/turtlebot3_teleop/lib/turtlebot3_teleop
[7.343s] 
[7.344s] Installed /home/andy/turtlebot3_ws/build/turtlebot3_teleop
[7.346s] running symlink_data
[7.346s] creating /home/andy/turtlebot3_ws/install/turtlebot3_teleop/share/ament_index
[7.347s] creating /home/andy/turtlebot3_ws/install/turtlebot3_teleop/share/ament_index/resource_index
[7.347s] creating /home/andy/turtlebot3_ws/install/turtlebot3_teleop/share/ament_index/resource_index/packages
[7.347s] symbolically linking /home/andy/turtlebot3_ws/build/turtlebot3_teleop/resource/turtlebot3_teleop -> /home/andy/turtlebot3_ws/install/turtlebot3_teleop/share/ament_index/resource_index/packages
[7.348s] symbolically linking /home/andy/turtlebot3_ws/build/turtlebot3_teleop/package.xml -> /home/andy/turtlebot3_ws/install/turtlebot3_teleop/share/turtlebot3_teleop
[7.506s] Invoked command in '/home/andy/turtlebot3_ws/build/turtlebot3_teleop' returned '0': PYTHONPATH=/home/andy/turtlebot3_ws/build/turtlebot3_teleop/prefix_override:/usr/lib/python3/dist-packages/colcon_core/task/python/colcon_distutils_commands:/home/andy/turtlebot3_ws/install/turtlebot3_teleop/lib/python3.10/site-packages:${PYTHONPATH} /usr/bin/python3 -W ignore:setup.py install is deprecated -W ignore:easy_install command is deprecated setup.py develop --editable --build-directory /home/andy/turtlebot3_ws/build/turtlebot3_teleop/build --no-deps symlink_data
