[0.038s] Invoking command in '/home/andy/turtlebot3_ws/build/turtlebot3_description': CMAKE_PREFIX_PATH=/opt/ros/humble /usr/bin/cmake /home/andy/turtlebot3_ws/src/turtlebot3/turtlebot3_description -DAMENT_CMAKE_SYMLINK_INSTALL=1 -DCMAKE_INSTALL_PREFIX=/home/andy/turtlebot3_ws/install/turtlebot3_description
[0.238s] -- The C compiler identification is GNU 11.4.0
[0.406s] -- The CXX compiler identification is GNU 11.4.0
[0.420s] -- Detecting C compiler ABI info
[0.580s] -- Detecting C compiler ABI info - done
[0.609s] -- Check for working C compiler: /usr/bin/cc - skipped
[0.611s] -- Detecting C compile features
[0.611s] -- Detecting C compile features - done
[0.620s] -- Detecting CXX compiler ABI info
[0.802s] -- Detecting CXX compiler ABI info - done
[0.825s] -- Check for working CXX compiler: /usr/bin/c++ - skipped
[0.826s] -- Detecting CXX compile features
[0.828s] -- Detecting CXX compile features - done
[0.832s] -- Found ament_cmake: 1.3.11 (/opt/ros/humble/share/ament_cmake/cmake)
[1.744s] -- Found Python3: /usr/bin/python3 (found version "3.10.12") found components: Interpreter 
[1.906s] -- Override CMake install command with custom implementation using symlinks instead of copying resources
[1.961s] -- Found urdf: 2.6.1 (/opt/ros/humble/share/urdf/cmake)
[2.360s] -- Configuring done
[2.363s] -- Generating done
[2.372s] -- Build files have been written to: /home/andy/turtlebot3_ws/build/turtlebot3_description
[2.399s] Invoked command in '/home/andy/turtlebot3_ws/build/turtlebot3_description' returned '0': CMAKE_PREFIX_PATH=/opt/ros/humble /usr/bin/cmake /home/andy/turtlebot3_ws/src/turtlebot3/turtlebot3_description -DAMENT_CMAKE_SYMLINK_INSTALL=1 -DCMAKE_INSTALL_PREFIX=/home/andy/turtlebot3_ws/install/turtlebot3_description
[2.401s] Invoking command in '/home/andy/turtlebot3_ws/build/turtlebot3_description': CMAKE_PREFIX_PATH=/opt/ros/humble /usr/bin/cmake --build /home/andy/turtlebot3_ws/build/turtlebot3_description -- -j8 -l8
[2.598s] Invoked command in '/home/andy/turtlebot3_ws/build/turtlebot3_description' returned '0': CMAKE_PREFIX_PATH=/opt/ros/humble /usr/bin/cmake --build /home/andy/turtlebot3_ws/build/turtlebot3_description -- -j8 -l8
[2.601s] Invoking command in '/home/andy/turtlebot3_ws/build/turtlebot3_description': CMAKE_PREFIX_PATH=/opt/ros/humble /usr/bin/cmake --install /home/andy/turtlebot3_ws/build/turtlebot3_description
[2.669s] -- Install configuration: ""
[2.669s] -- Execute custom install script
[2.669s] -- Symlinking: /home/andy/turtlebot3_ws/install/turtlebot3_description/share/turtlebot3_description/meshes/bases/burger_base.stl
[2.669s] -- Symlinking: /home/andy/turtlebot3_ws/install/turtlebot3_description/share/turtlebot3_description/meshes/bases/waffle_base.stl
[2.670s] -- Symlinking: /home/andy/turtlebot3_ws/install/turtlebot3_description/share/turtlebot3_description/meshes/bases/waffle_pi_base.stl
[2.676s] -- Symlinking: /home/andy/turtlebot3_ws/install/turtlebot3_description/share/turtlebot3_description/meshes/sensors/astra.dae
[2.708s] -- Symlinking: /home/andy/turtlebot3_ws/install/turtlebot3_description/share/turtlebot3_description/meshes/sensors/astra.jpg
[2.738s] -- Symlinking: /home/andy/turtlebot3_ws/install/turtlebot3_description/share/turtlebot3_description/meshes/sensors/lds.stl
[2.772s] -- Symlinking: /home/andy/turtlebot3_ws/install/turtlebot3_description/share/turtlebot3_description/meshes/sensors/r200.dae
[2.801s] -- Symlinking: /home/andy/turtlebot3_ws/install/turtlebot3_description/share/turtlebot3_description/meshes/sensors/r200.jpg
[2.819s] -- Symlinking: /home/andy/turtlebot3_ws/install/turtlebot3_description/share/turtlebot3_description/meshes/wheels/left_tire.stl
[2.845s] -- Symlinking: /home/andy/turtlebot3_ws/install/turtlebot3_description/share/turtlebot3_description/meshes/wheels/right_tire.stl
[2.870s] -- Symlinking: /home/andy/turtlebot3_ws/install/turtlebot3_description/share/turtlebot3_description/rviz/model.rviz
[2.906s] -- Symlinking: /home/andy/turtlebot3_ws/install/turtlebot3_description/share/turtlebot3_description/urdf/common_properties.urdf
[2.949s] -- Symlinking: /home/andy/turtlebot3_ws/install/turtlebot3_description/share/turtlebot3_description/urdf/turtlebot3_burger.urdf
[2.972s] -- Symlinking: /home/andy/turtlebot3_ws/install/turtlebot3_description/share/turtlebot3_description/urdf/turtlebot3_waffle.urdf
[2.997s] -- Symlinking: /home/andy/turtlebot3_ws/install/turtlebot3_description/share/turtlebot3_description/urdf/turtlebot3_waffle_pi.urdf
[3.032s] -- Symlinking: /home/andy/turtlebot3_ws/install/turtlebot3_description/share/ament_index/resource_index/package_run_dependencies/turtlebot3_description
[3.050s] -- Symlinking: /home/andy/turtlebot3_ws/install/turtlebot3_description/share/ament_index/resource_index/parent_prefix_path/turtlebot3_description
[3.074s] -- Symlinking: /home/andy/turtlebot3_ws/install/turtlebot3_description/share/turtlebot3_description/environment/ament_prefix_path.sh
[3.099s] -- Symlinking: /home/andy/turtlebot3_ws/install/turtlebot3_description/share/turtlebot3_description/environment/ament_prefix_path.dsv
[3.118s] -- Symlinking: /home/andy/turtlebot3_ws/install/turtlebot3_description/share/turtlebot3_description/environment/path.sh
[3.143s] -- Symlinking: /home/andy/turtlebot3_ws/install/turtlebot3_description/share/turtlebot3_description/environment/path.dsv
[3.164s] -- Symlinking: /home/andy/turtlebot3_ws/install/turtlebot3_description/share/turtlebot3_description/local_setup.bash
[3.186s] -- Symlinking: /home/andy/turtlebot3_ws/install/turtlebot3_description/share/turtlebot3_description/local_setup.sh
[3.224s] -- Symlinking: /home/andy/turtlebot3_ws/install/turtlebot3_description/share/turtlebot3_description/local_setup.zsh
[3.258s] -- Symlinking: /home/andy/turtlebot3_ws/install/turtlebot3_description/share/turtlebot3_description/local_setup.dsv
[3.298s] -- Symlinking: /home/andy/turtlebot3_ws/install/turtlebot3_description/share/turtlebot3_description/package.dsv
[3.324s] -- Symlinking: /home/andy/turtlebot3_ws/install/turtlebot3_description/share/ament_index/resource_index/packages/turtlebot3_description
[3.341s] -- Symlinking: /home/andy/turtlebot3_ws/install/turtlebot3_description/share/turtlebot3_description/cmake/turtlebot3_descriptionConfig.cmake
[3.362s] -- Symlinking: /home/andy/turtlebot3_ws/install/turtlebot3_description/share/turtlebot3_description/cmake/turtlebot3_descriptionConfig-version.cmake
[3.382s] -- Symlinking: /home/andy/turtlebot3_ws/install/turtlebot3_description/share/turtlebot3_description/package.xml
