[1.821s] Invoking command in '/home/andy/turtlebot3_ws/build/turtlebot3_fake_node': CMAKE_PREFIX_PATH=/home/andy/turtlebot3_ws/install/turtlebot3_msgs:/home/andy/turtlebot3_ws/install/turtlebot3_navigation2:/home/andy/turtlebot3_ws/install/turtlebot3_manipulation_gazebo:/home/andy/turtlebot3_ws/install/turtlebot3_description:/home/andy/turtlebot3_ws/install/turtlebot3_cartographer:/home/andy/turtlebot3_ws/install/dynamixel_sdk_custom_interfaces:/home/andy/turtlebot3_ws/install/dynamixel_sdk:/opt/ros/humble LD_LIBRARY_PATH=/home/andy/turtlebot3_ws/install/turtlebot3_msgs/lib:/home/andy/turtlebot3_ws/install/dynamixel_sdk_custom_interfaces/lib:/home/andy/turtlebot3_ws/install/dynamixel_sdk/lib:/usr/lib/x86_64-linux-gnu/gazebo-11/plugins:/opt/ros/humble/opt/rviz_ogre_vendor/lib:/opt/ros/humble/lib/x86_64-linux-gnu:/opt/ros/humble/lib:/usr/lib/x86_64-linux-gnu/gazebo-11/plugins /usr/bin/cmake --build /home/andy/turtlebot3_ws/build/turtlebot3_fake_node -- -j8 -l8
[2.145s] [35m[1mConsolidate compiler generated dependencies of target turtlebot3_fake_node[0m
[2.263s] [100%] Built target turtlebot3_fake_node
[2.329s] Invoked command in '/home/andy/turtlebot3_ws/build/turtlebot3_fake_node' returned '0': CMAKE_PREFIX_PATH=/home/andy/turtlebot3_ws/install/turtlebot3_msgs:/home/andy/turtlebot3_ws/install/turtlebot3_navigation2:/home/andy/turtlebot3_ws/install/turtlebot3_manipulation_gazebo:/home/andy/turtlebot3_ws/install/turtlebot3_description:/home/andy/turtlebot3_ws/install/turtlebot3_cartographer:/home/andy/turtlebot3_ws/install/dynamixel_sdk_custom_interfaces:/home/andy/turtlebot3_ws/install/dynamixel_sdk:/opt/ros/humble LD_LIBRARY_PATH=/home/andy/turtlebot3_ws/install/turtlebot3_msgs/lib:/home/andy/turtlebot3_ws/install/dynamixel_sdk_custom_interfaces/lib:/home/andy/turtlebot3_ws/install/dynamixel_sdk/lib:/usr/lib/x86_64-linux-gnu/gazebo-11/plugins:/opt/ros/humble/opt/rviz_ogre_vendor/lib:/opt/ros/humble/lib/x86_64-linux-gnu:/opt/ros/humble/lib:/usr/lib/x86_64-linux-gnu/gazebo-11/plugins /usr/bin/cmake --build /home/andy/turtlebot3_ws/build/turtlebot3_fake_node -- -j8 -l8
[2.348s] Invoking command in '/home/andy/turtlebot3_ws/build/turtlebot3_fake_node': CMAKE_PREFIX_PATH=/home/andy/turtlebot3_ws/install/turtlebot3_msgs:/home/andy/turtlebot3_ws/install/turtlebot3_navigation2:/home/andy/turtlebot3_ws/install/turtlebot3_manipulation_gazebo:/home/andy/turtlebot3_ws/install/turtlebot3_description:/home/andy/turtlebot3_ws/install/turtlebot3_cartographer:/home/andy/turtlebot3_ws/install/dynamixel_sdk_custom_interfaces:/home/andy/turtlebot3_ws/install/dynamixel_sdk:/opt/ros/humble LD_LIBRARY_PATH=/home/andy/turtlebot3_ws/install/turtlebot3_msgs/lib:/home/andy/turtlebot3_ws/install/dynamixel_sdk_custom_interfaces/lib:/home/andy/turtlebot3_ws/install/dynamixel_sdk/lib:/usr/lib/x86_64-linux-gnu/gazebo-11/plugins:/opt/ros/humble/opt/rviz_ogre_vendor/lib:/opt/ros/humble/lib/x86_64-linux-gnu:/opt/ros/humble/lib:/usr/lib/x86_64-linux-gnu/gazebo-11/plugins /usr/bin/cmake --install /home/andy/turtlebot3_ws/build/turtlebot3_fake_node
[2.399s] -- Install configuration: ""
[2.403s] -- Execute custom install script
[2.410s] -- Symlinking: /home/andy/turtlebot3_ws/install/turtlebot3_fake_node/lib/turtlebot3_fake_node/turtlebot3_fake_node
[2.489s] -- Symlinking: /home/andy/turtlebot3_ws/install/turtlebot3_fake_node/share/turtlebot3_fake_node/launch/rviz2.launch.py
[2.545s] -- Symlinking: /home/andy/turtlebot3_ws/install/turtlebot3_fake_node/share/turtlebot3_fake_node/launch/turtlebot3_fake_node.launch.py
[2.626s] -- Symlinking: /home/andy/turtlebot3_ws/install/turtlebot3_fake_node/share/turtlebot3_fake_node/param/burger.yaml
[2.700s] -- Symlinking: /home/andy/turtlebot3_ws/install/turtlebot3_fake_node/share/turtlebot3_fake_node/param/waffle.yaml
[2.759s] -- Symlinking: /home/andy/turtlebot3_ws/install/turtlebot3_fake_node/share/turtlebot3_fake_node/param/waffle_pi.yaml
[2.839s] -- Symlinking: /home/andy/turtlebot3_ws/install/turtlebot3_fake_node/include//turtlebot3_fake_node/turtlebot3_fake_node.hpp
[2.903s] -- Symlinking: /home/andy/turtlebot3_ws/install/turtlebot3_fake_node/share/ament_index/resource_index/package_run_dependencies/turtlebot3_fake_node
[2.978s] -- Symlinking: /home/andy/turtlebot3_ws/install/turtlebot3_fake_node/share/ament_index/resource_index/parent_prefix_path/turtlebot3_fake_node
[3.051s] -- Symlinking: /home/andy/turtlebot3_ws/install/turtlebot3_fake_node/share/turtlebot3_fake_node/environment/ament_prefix_path.sh
[3.134s] -- Symlinking: /home/andy/turtlebot3_ws/install/turtlebot3_fake_node/share/turtlebot3_fake_node/environment/ament_prefix_path.dsv
[3.248s] -- Symlinking: /home/andy/turtlebot3_ws/install/turtlebot3_fake_node/share/turtlebot3_fake_node/environment/path.sh
[3.325s] -- Symlinking: /home/andy/turtlebot3_ws/install/turtlebot3_fake_node/share/turtlebot3_fake_node/environment/path.dsv
[3.418s] -- Symlinking: /home/andy/turtlebot3_ws/install/turtlebot3_fake_node/share/turtlebot3_fake_node/local_setup.bash
[3.504s] -- Symlinking: /home/andy/turtlebot3_ws/install/turtlebot3_fake_node/share/turtlebot3_fake_node/local_setup.sh
[3.583s] -- Symlinking: /home/andy/turtlebot3_ws/install/turtlebot3_fake_node/share/turtlebot3_fake_node/local_setup.zsh
[3.668s] -- Symlinking: /home/andy/turtlebot3_ws/install/turtlebot3_fake_node/share/turtlebot3_fake_node/local_setup.dsv
[3.762s] -- Symlinking: /home/andy/turtlebot3_ws/install/turtlebot3_fake_node/share/turtlebot3_fake_node/package.dsv
[3.845s] -- Symlinking: /home/andy/turtlebot3_ws/install/turtlebot3_fake_node/share/ament_index/resource_index/packages/turtlebot3_fake_node
[3.938s] -- Symlinking: /home/andy/turtlebot3_ws/install/turtlebot3_fake_node/share/turtlebot3_fake_node/cmake/ament_cmake_export_include_directories-extras.cmake
[4.026s] -- Symlinking: /home/andy/turtlebot3_ws/install/turtlebot3_fake_node/share/turtlebot3_fake_node/cmake/ament_cmake_export_dependencies-extras.cmake
[4.156s] -- Symlinking: /home/andy/turtlebot3_ws/install/turtlebot3_fake_node/share/turtlebot3_fake_node/cmake/turtlebot3_fake_nodeConfig.cmake
[4.256s] -- Symlinking: /home/andy/turtlebot3_ws/install/turtlebot3_fake_node/share/turtlebot3_fake_node/cmake/turtlebot3_fake_nodeConfig-version.cmake
[4.365s] -- Symlinking: /home/andy/turtlebot3_ws/install/turtlebot3_fake_node/share/turtlebot3_fake_node/package.xml
[4.480s] Invoked command in '/home/andy/turtlebot3_ws/build/turtlebot3_fake_node' returned '0': CMAKE_PREFIX_PATH=/home/andy/turtlebot3_ws/install/turtlebot3_msgs:/home/andy/turtlebot3_ws/install/turtlebot3_navigation2:/home/andy/turtlebot3_ws/install/turtlebot3_manipulation_gazebo:/home/andy/turtlebot3_ws/install/turtlebot3_description:/home/andy/turtlebot3_ws/install/turtlebot3_cartographer:/home/andy/turtlebot3_ws/install/dynamixel_sdk_custom_interfaces:/home/andy/turtlebot3_ws/install/dynamixel_sdk:/opt/ros/humble LD_LIBRARY_PATH=/home/andy/turtlebot3_ws/install/turtlebot3_msgs/lib:/home/andy/turtlebot3_ws/install/dynamixel_sdk_custom_interfaces/lib:/home/andy/turtlebot3_ws/install/dynamixel_sdk/lib:/usr/lib/x86_64-linux-gnu/gazebo-11/plugins:/opt/ros/humble/opt/rviz_ogre_vendor/lib:/opt/ros/humble/lib/x86_64-linux-gnu:/opt/ros/humble/lib:/usr/lib/x86_64-linux-gnu/gazebo-11/plugins /usr/bin/cmake --install /home/andy/turtlebot3_ws/build/turtlebot3_fake_node
